2025-04-12T20:39:18.931+03:00  INFO 11995 --- [dealsTGBot] [main] c.e.dealsTGBot.DealsTGBotApplication     : Starting DealsTGBotApplication v0.0.1-SNAPSHOT using Java 17.0.13 with PID 11995 (/Users/vigo/Documents/sandbox/dealsTGBot/target/dealsTGBot-0.0.1-SNAPSHOT.jar started by vigo in /Users/vigo/Documents/sandbox/dealsTGBot)
2025-04-12T20:39:18.933+03:00  INFO 11995 --- [dealsTGBot] [main] c.e.dealsTGBot.DealsTGBotApplication     : No active profile set, falling back to 1 default profile: "default"
2025-04-12T20:39:19.468+03:00  INFO 11995 --- [dealsTGBot] [main] o.s.b.w.embedded.tomcat.TomcatWebServer  : Tomcat initialized with port 8080 (http)
2025-04-12T20:39:19.474+03:00  INFO 11995 --- [dealsTGBot] [main] o.apache.catalina.core.StandardService   : Starting service [Tomcat]
2025-04-12T20:39:19.474+03:00  INFO 11995 --- [dealsTGBot] [main] o.apache.catalina.core.StandardEngine    : Starting Servlet engine: [Apache Tomcat/10.1.19]
2025-04-12T20:39:19.496+03:00  INFO 11995 --- [dealsTGBot] [main] o.a.c.c.C.[Tomcat].[localhost].[/]       : Initializing Spring embedded WebApplicationContext
2025-04-12T20:39:19.496+03:00  INFO 11995 --- [dealsTGBot] [main] w.s.c.ServletWebServerApplicationContext : Root WebApplicationContext: initialization completed in 511 ms
2025-04-12T20:39:19.545+03:00  WARN 11995 --- [dealsTGBot] [main] ConfigServletWebServerApplicationContext : Exception encountered during context initialization - cancelling refresh attempt: org.springframework.beans.factory.UnsatisfiedDependencyException: Error creating bean with name 'dealsTGBotApplication': Unsatisfied dependency expressed through field 'betBot': Error creating bean with name 'betBot' defined in URL [jar:nested:/Users/vigo/Documents/sandbox/dealsTGBot/target/dealsTGBot-0.0.1-SNAPSHOT.jar/!BOOT-INF/classes/!/com/example/dealsTGBot/bot/BetBot.class]: Unexpected exception during bean creation
2025-04-12T20:39:19.546+03:00  INFO 11995 --- [dealsTGBot] [main] o.apache.catalina.core.StandardService   : Stopping service [Tomcat]
2025-04-12T20:39:19.553+03:00  INFO 11995 --- [dealsTGBot] [main] .s.b.a.l.ConditionEvaluationReportLogger : 

Error starting ApplicationContext. To display the condition evaluation report re-run your application with 'debug' enabled.
2025-04-12T20:39:19.566+03:00 ERROR 11995 --- [dealsTGBot] [main] o.s.boot.SpringApplication               : Application run failed

org.springframework.beans.factory.UnsatisfiedDependencyException: Error creating bean with name 'dealsTGBotApplication': Unsatisfied dependency expressed through field 'betBot': Error creating bean with name 'betBot' defined in URL [jar:nested:/Users/vigo/Documents/sandbox/dealsTGBot/target/dealsTGBot-0.0.1-SNAPSHOT.jar/!BOOT-INF/classes/!/com/example/dealsTGBot/bot/BetBot.class]: Unexpected exception during bean creation
	at org.springframework.beans.factory.annotation.AutowiredAnnotationBeanPostProcessor$AutowiredFieldElement.resolveFieldValue(AutowiredAnnotationBeanPostProcessor.java:787) ~[spring-beans-6.1.4.jar!/:6.1.4]
	at org.springframework.beans.factory.annotation.AutowiredAnnotationBeanPostProcessor$AutowiredFieldElement.inject(AutowiredAnnotationBeanPostProcessor.java:767) ~[spring-beans-6.1.4.jar!/:6.1.4]
	at org.springframework.beans.factory.annotation.InjectionMetadata.inject(InjectionMetadata.java:145) ~[spring-beans-6.1.4.jar!/:6.1.4]
	at org.springframework.beans.factory.annotation.AutowiredAnnotationBeanPostProcessor.postProcessProperties(AutowiredAnnotationBeanPostProcessor.java:508) ~[spring-beans-6.1.4.jar!/:6.1.4]
	at org.springframework.beans.factory.support.AbstractAutowireCapableBeanFactory.populateBean(AbstractAutowireCapableBeanFactory.java:1419) ~[spring-beans-6.1.4.jar!/:6.1.4]
	at org.springframework.beans.factory.support.AbstractAutowireCapableBeanFactory.doCreateBean(AbstractAutowireCapableBeanFactory.java:599) ~[spring-beans-6.1.4.jar!/:6.1.4]
	at org.springframework.beans.factory.support.AbstractAutowireCapableBeanFactory.createBean(AbstractAutowireCapableBeanFactory.java:522) ~[spring-beans-6.1.4.jar!/:6.1.4]
	at org.springframework.beans.factory.support.AbstractBeanFactory.lambda$doGetBean$0(AbstractBeanFactory.java:325) ~[spring-beans-6.1.4.jar!/:6.1.4]
	at org.springframework.beans.factory.support.DefaultSingletonBeanRegistry.getSingleton(DefaultSingletonBeanRegistry.java:234) ~[spring-beans-6.1.4.jar!/:6.1.4]
	at org.springframework.beans.factory.support.AbstractBeanFactory.doGetBean(AbstractBeanFactory.java:323) ~[spring-beans-6.1.4.jar!/:6.1.4]
	at org.springframework.beans.factory.support.AbstractBeanFactory.getBean(AbstractBeanFactory.java:199) ~[spring-beans-6.1.4.jar!/:6.1.4]
	at org.springframework.beans.factory.support.DefaultListableBeanFactory.preInstantiateSingletons(DefaultListableBeanFactory.java:975) ~[spring-beans-6.1.4.jar!/:6.1.4]
	at org.springframework.context.support.AbstractApplicationContext.finishBeanFactoryInitialization(AbstractApplicationContext.java:959) ~[spring-context-6.1.4.jar!/:6.1.4]
	at org.springframework.context.support.AbstractApplicationContext.refresh(AbstractApplicationContext.java:624) ~[spring-context-6.1.4.jar!/:6.1.4]
	at org.springframework.boot.web.servlet.context.ServletWebServerApplicationContext.refresh(ServletWebServerApplicationContext.java:146) ~[spring-boot-3.2.3.jar!/:3.2.3]
	at org.springframework.boot.SpringApplication.refresh(SpringApplication.java:754) ~[spring-boot-3.2.3.jar!/:3.2.3]
	at org.springframework.boot.SpringApplication.refreshContext(SpringApplication.java:456) ~[spring-boot-3.2.3.jar!/:3.2.3]
	at org.springframework.boot.SpringApplication.run(SpringApplication.java:334) ~[spring-boot-3.2.3.jar!/:3.2.3]
	at org.springframework.boot.SpringApplication.run(SpringApplication.java:1354) ~[spring-boot-3.2.3.jar!/:3.2.3]
	at org.springframework.boot.SpringApplication.run(SpringApplication.java:1343) ~[spring-boot-3.2.3.jar!/:3.2.3]
	at com.example.dealsTGBot.DealsTGBotApplication.main(DealsTGBotApplication.java:17) ~[!/:0.0.1-SNAPSHOT]
	at java.base/jdk.internal.reflect.NativeMethodAccessorImpl.invoke0(Native Method) ~[na:na]
	at java.base/jdk.internal.reflect.NativeMethodAccessorImpl.invoke(NativeMethodAccessorImpl.java:77) ~[na:na]
	at java.base/jdk.internal.reflect.DelegatingMethodAccessorImpl.invoke(DelegatingMethodAccessorImpl.java:43) ~[na:na]
	at java.base/java.lang.reflect.Method.invoke(Method.java:569) ~[na:na]
	at org.springframework.boot.loader.launch.Launcher.launch(Launcher.java:91) ~[dealsTGBot-0.0.1-SNAPSHOT.jar:0.0.1-SNAPSHOT]
	at org.springframework.boot.loader.launch.Launcher.launch(Launcher.java:53) ~[dealsTGBot-0.0.1-SNAPSHOT.jar:0.0.1-SNAPSHOT]
	at org.springframework.boot.loader.launch.JarLauncher.main(JarLauncher.java:58) ~[dealsTGBot-0.0.1-SNAPSHOT.jar:0.0.1-SNAPSHOT]
Caused by: org.springframework.beans.factory.BeanCreationException: Error creating bean with name 'betBot' defined in URL [jar:nested:/Users/vigo/Documents/sandbox/dealsTGBot/target/dealsTGBot-0.0.1-SNAPSHOT.jar/!BOOT-INF/classes/!/com/example/dealsTGBot/bot/BetBot.class]: Unexpected exception during bean creation
	at org.springframework.beans.factory.support.AbstractAutowireCapableBeanFactory.createBean(AbstractAutowireCapableBeanFactory.java:535) ~[spring-beans-6.1.4.jar!/:6.1.4]
	at org.springframework.beans.factory.support.AbstractBeanFactory.lambda$doGetBean$0(AbstractBeanFactory.java:325) ~[spring-beans-6.1.4.jar!/:6.1.4]
	at org.springframework.beans.factory.support.DefaultSingletonBeanRegistry.getSingleton(DefaultSingletonBeanRegistry.java:234) ~[spring-beans-6.1.4.jar!/:6.1.4]
	at org.springframework.beans.factory.support.AbstractBeanFactory.doGetBean(AbstractBeanFactory.java:323) ~[spring-beans-6.1.4.jar!/:6.1.4]
	at org.springframework.beans.factory.support.AbstractBeanFactory.getBean(AbstractBeanFactory.java:199) ~[spring-beans-6.1.4.jar!/:6.1.4]
	at org.springframework.beans.factory.config.DependencyDescriptor.resolveCandidate(DependencyDescriptor.java:254) ~[spring-beans-6.1.4.jar!/:6.1.4]
	at org.springframework.beans.factory.support.DefaultListableBeanFactory.doResolveDependency(DefaultListableBeanFactory.java:1443) ~[spring-beans-6.1.4.jar!/:6.1.4]
	at org.springframework.beans.factory.support.DefaultListableBeanFactory.resolveDependency(DefaultListableBeanFactory.java:1353) ~[spring-beans-6.1.4.jar!/:6.1.4]
	at org.springframework.beans.factory.annotation.AutowiredAnnotationBeanPostProcessor$AutowiredFieldElement.resolveFieldValue(AutowiredAnnotationBeanPostProcessor.java:784) ~[spring-beans-6.1.4.jar!/:6.1.4]
	... 27 common frames omitted
Caused by: java.lang.IllegalArgumentException: Could not resolve placeholder 'BOT_TOKEN' in value "${BOT_TOKEN}"
	at org.springframework.util.PropertyPlaceholderHelper.parseStringValue(PropertyPlaceholderHelper.java:180) ~[spring-core-6.1.4.jar!/:6.1.4]
	at org.springframework.util.PropertyPlaceholderHelper.replacePlaceholders(PropertyPlaceholderHelper.java:126) ~[spring-core-6.1.4.jar!/:6.1.4]
	at org.springframework.core.env.AbstractPropertyResolver.doResolvePlaceholders(AbstractPropertyResolver.java:239) ~[spring-core-6.1.4.jar!/:6.1.4]
	at org.springframework.core.env.AbstractPropertyResolver.resolveRequiredPlaceholders(AbstractPropertyResolver.java:210) ~[spring-core-6.1.4.jar!/:6.1.4]
	at org.springframework.core.env.AbstractPropertyResolver.resolveNestedPlaceholders(AbstractPropertyResolver.java:230) ~[spring-core-6.1.4.jar!/:6.1.4]
	at org.springframework.boot.context.properties.source.ConfigurationPropertySourcesPropertyResolver.getProperty(ConfigurationPropertySourcesPropertyResolver.java:80) ~[spring-boot-3.2.3.jar!/:3.2.3]
	at org.springframework.boot.context.properties.source.ConfigurationPropertySourcesPropertyResolver.getProperty(ConfigurationPropertySourcesPropertyResolver.java:61) ~[spring-boot-3.2.3.jar!/:3.2.3]
	at org.springframework.core.env.AbstractEnvironment.getProperty(AbstractEnvironment.java:552) ~[spring-core-6.1.4.jar!/:6.1.4]
	at org.springframework.context.support.PropertySourcesPlaceholderConfigurer$1.getProperty(PropertySourcesPlaceholderConfigurer.java:153) ~[spring-context-6.1.4.jar!/:6.1.4]
	at org.springframework.context.support.PropertySourcesPlaceholderConfigurer$1.getProperty(PropertySourcesPlaceholderConfigurer.java:149) ~[spring-context-6.1.4.jar!/:6.1.4]
	at org.springframework.core.env.PropertySourcesPropertyResolver.getProperty(PropertySourcesPropertyResolver.java:85) ~[spring-core-6.1.4.jar!/:6.1.4]
	at org.springframework.core.env.PropertySourcesPropertyResolver.getPropertyAsRawString(PropertySourcesPropertyResolver.java:74) ~[spring-core-6.1.4.jar!/:6.1.4]
	at org.springframework.util.PropertyPlaceholderHelper.parseStringValue(PropertyPlaceholderHelper.java:153) ~[spring-core-6.1.4.jar!/:6.1.4]
	at org.springframework.util.PropertyPlaceholderHelper.replacePlaceholders(PropertyPlaceholderHelper.java:126) ~[spring-core-6.1.4.jar!/:6.1.4]
	at org.springframework.core.env.AbstractPropertyResolver.doResolvePlaceholders(AbstractPropertyResolver.java:239) ~[spring-core-6.1.4.jar!/:6.1.4]
	at org.springframework.core.env.AbstractPropertyResolver.resolveRequiredPlaceholders(AbstractPropertyResolver.java:210) ~[spring-core-6.1.4.jar!/:6.1.4]
	at org.springframework.context.support.PropertySourcesPlaceholderConfigurer.lambda$processProperties$0(PropertySourcesPlaceholderConfigurer.java:200) ~[spring-context-6.1.4.jar!/:6.1.4]
	at org.springframework.beans.factory.support.AbstractBeanFactory.resolveEmbeddedValue(AbstractBeanFactory.java:921) ~[spring-beans-6.1.4.jar!/:6.1.4]
	at org.springframework.beans.factory.support.DefaultListableBeanFactory.doResolveDependency(DefaultListableBeanFactory.java:1374) ~[spring-beans-6.1.4.jar!/:6.1.4]
	at org.springframework.beans.factory.support.DefaultListableBeanFactory.resolveDependency(DefaultListableBeanFactory.java:1353) ~[spring-beans-6.1.4.jar!/:6.1.4]
	at org.springframework.beans.factory.support.ConstructorResolver.resolveAutowiredArgument(ConstructorResolver.java:907) ~[spring-beans-6.1.4.jar!/:6.1.4]
	at org.springframework.beans.factory.support.ConstructorResolver.createArgumentArray(ConstructorResolver.java:785) ~[spring-beans-6.1.4.jar!/:6.1.4]
	at org.springframework.beans.factory.support.ConstructorResolver.autowireConstructor(ConstructorResolver.java:237) ~[spring-beans-6.1.4.jar!/:6.1.4]
	at org.springframework.beans.factory.support.AbstractAutowireCapableBeanFactory.autowireConstructor(AbstractAutowireCapableBeanFactory.java:1355) ~[spring-beans-6.1.4.jar!/:6.1.4]
	at org.springframework.beans.factory.support.AbstractAutowireCapableBeanFactory.createBeanInstance(AbstractAutowireCapableBeanFactory.java:1192) ~[spring-beans-6.1.4.jar!/:6.1.4]
	at org.springframework.beans.factory.support.AbstractAutowireCapableBeanFactory.doCreateBean(AbstractAutowireCapableBeanFactory.java:562) ~[spring-beans-6.1.4.jar!/:6.1.4]
	at org.springframework.beans.factory.support.AbstractAutowireCapableBeanFactory.createBean(AbstractAutowireCapableBeanFactory.java:522) ~[spring-beans-6.1.4.jar!/:6.1.4]
	... 35 common frames omitted

2025-04-12T20:48:52.272+03:00  INFO 14511 --- [dealsTGBot] [main] c.e.dealsTGBot.DealsTGBotApplication     : Starting DealsTGBotApplication v0.0.1-SNAPSHOT using Java 17.0.13 with PID 14511 (/Users/vigo/Documents/sandbox/dealsTGBot/target/dealsTGBot-0.0.1-SNAPSHOT.jar started by vigo in /Users/vigo/Documents/sandbox/dealsTGBot)
2025-04-12T20:48:52.275+03:00  INFO 14511 --- [dealsTGBot] [main] c.e.dealsTGBot.DealsTGBotApplication     : No active profile set, falling back to 1 default profile: "default"
2025-04-12T20:48:52.826+03:00  INFO 14511 --- [dealsTGBot] [main] o.s.b.w.embedded.tomcat.TomcatWebServer  : Tomcat initialized with port 8080 (http)
2025-04-12T20:48:52.832+03:00  INFO 14511 --- [dealsTGBot] [main] o.apache.catalina.core.StandardService   : Starting service [Tomcat]
2025-04-12T20:48:52.832+03:00  INFO 14511 --- [dealsTGBot] [main] o.apache.catalina.core.StandardEngine    : Starting Servlet engine: [Apache Tomcat/10.1.19]
2025-04-12T20:48:52.854+03:00  INFO 14511 --- [dealsTGBot] [main] o.a.c.c.C.[Tomcat].[localhost].[/]       : Initializing Spring embedded WebApplicationContext
2025-04-12T20:48:52.855+03:00  INFO 14511 --- [dealsTGBot] [main] w.s.c.ServletWebServerApplicationContext : Root WebApplicationContext: initialization completed in 505 ms
2025-04-12T20:48:52.904+03:00  WARN 14511 --- [dealsTGBot] [main] ConfigServletWebServerApplicationContext : Exception encountered during context initialization - cancelling refresh attempt: org.springframework.beans.factory.UnsatisfiedDependencyException: Error creating bean with name 'dealsTGBotApplication': Unsatisfied dependency expressed through field 'betBot': Error creating bean with name 'betBot' defined in URL [jar:nested:/Users/vigo/Documents/sandbox/dealsTGBot/target/dealsTGBot-0.0.1-SNAPSHOT.jar/!BOOT-INF/classes/!/com/example/dealsTGBot/bot/BetBot.class]: Unexpected exception during bean creation
2025-04-12T20:48:52.905+03:00  INFO 14511 --- [dealsTGBot] [main] o.apache.catalina.core.StandardService   : Stopping service [Tomcat]
2025-04-12T20:48:52.911+03:00  INFO 14511 --- [dealsTGBot] [main] .s.b.a.l.ConditionEvaluationReportLogger : 

Error starting ApplicationContext. To display the condition evaluation report re-run your application with 'debug' enabled.
2025-04-12T20:48:52.926+03:00 ERROR 14511 --- [dealsTGBot] [main] o.s.boot.SpringApplication               : Application run failed

org.springframework.beans.factory.UnsatisfiedDependencyException: Error creating bean with name 'dealsTGBotApplication': Unsatisfied dependency expressed through field 'betBot': Error creating bean with name 'betBot' defined in URL [jar:nested:/Users/vigo/Documents/sandbox/dealsTGBot/target/dealsTGBot-0.0.1-SNAPSHOT.jar/!BOOT-INF/classes/!/com/example/dealsTGBot/bot/BetBot.class]: Unexpected exception during bean creation
	at org.springframework.beans.factory.annotation.AutowiredAnnotationBeanPostProcessor$AutowiredFieldElement.resolveFieldValue(AutowiredAnnotationBeanPostProcessor.java:787) ~[spring-beans-6.1.4.jar!/:6.1.4]
	at org.springframework.beans.factory.annotation.AutowiredAnnotationBeanPostProcessor$AutowiredFieldElement.inject(AutowiredAnnotationBeanPostProcessor.java:767) ~[spring-beans-6.1.4.jar!/:6.1.4]
	at org.springframework.beans.factory.annotation.InjectionMetadata.inject(InjectionMetadata.java:145) ~[spring-beans-6.1.4.jar!/:6.1.4]
	at org.springframework.beans.factory.annotation.AutowiredAnnotationBeanPostProcessor.postProcessProperties(AutowiredAnnotationBeanPostProcessor.java:508) ~[spring-beans-6.1.4.jar!/:6.1.4]
	at org.springframework.beans.factory.support.AbstractAutowireCapableBeanFactory.populateBean(AbstractAutowireCapableBeanFactory.java:1419) ~[spring-beans-6.1.4.jar!/:6.1.4]
	at org.springframework.beans.factory.support.AbstractAutowireCapableBeanFactory.doCreateBean(AbstractAutowireCapableBeanFactory.java:599) ~[spring-beans-6.1.4.jar!/:6.1.4]
	at org.springframework.beans.factory.support.AbstractAutowireCapableBeanFactory.createBean(AbstractAutowireCapableBeanFactory.java:522) ~[spring-beans-6.1.4.jar!/:6.1.4]
	at org.springframework.beans.factory.support.AbstractBeanFactory.lambda$doGetBean$0(AbstractBeanFactory.java:325) ~[spring-beans-6.1.4.jar!/:6.1.4]
	at org.springframework.beans.factory.support.DefaultSingletonBeanRegistry.getSingleton(DefaultSingletonBeanRegistry.java:234) ~[spring-beans-6.1.4.jar!/:6.1.4]
	at org.springframework.beans.factory.support.AbstractBeanFactory.doGetBean(AbstractBeanFactory.java:323) ~[spring-beans-6.1.4.jar!/:6.1.4]
	at org.springframework.beans.factory.support.AbstractBeanFactory.getBean(AbstractBeanFactory.java:199) ~[spring-beans-6.1.4.jar!/:6.1.4]
	at org.springframework.beans.factory.support.DefaultListableBeanFactory.preInstantiateSingletons(DefaultListableBeanFactory.java:975) ~[spring-beans-6.1.4.jar!/:6.1.4]
	at org.springframework.context.support.AbstractApplicationContext.finishBeanFactoryInitialization(AbstractApplicationContext.java:959) ~[spring-context-6.1.4.jar!/:6.1.4]
	at org.springframework.context.support.AbstractApplicationContext.refresh(AbstractApplicationContext.java:624) ~[spring-context-6.1.4.jar!/:6.1.4]
	at org.springframework.boot.web.servlet.context.ServletWebServerApplicationContext.refresh(ServletWebServerApplicationContext.java:146) ~[spring-boot-3.2.3.jar!/:3.2.3]
	at org.springframework.boot.SpringApplication.refresh(SpringApplication.java:754) ~[spring-boot-3.2.3.jar!/:3.2.3]
	at org.springframework.boot.SpringApplication.refreshContext(SpringApplication.java:456) ~[spring-boot-3.2.3.jar!/:3.2.3]
	at org.springframework.boot.SpringApplication.run(SpringApplication.java:334) ~[spring-boot-3.2.3.jar!/:3.2.3]
	at org.springframework.boot.SpringApplication.run(SpringApplication.java:1354) ~[spring-boot-3.2.3.jar!/:3.2.3]
	at org.springframework.boot.SpringApplication.run(SpringApplication.java:1343) ~[spring-boot-3.2.3.jar!/:3.2.3]
	at com.example.dealsTGBot.DealsTGBotApplication.main(DealsTGBotApplication.java:17) ~[!/:0.0.1-SNAPSHOT]
	at java.base/jdk.internal.reflect.NativeMethodAccessorImpl.invoke0(Native Method) ~[na:na]
	at java.base/jdk.internal.reflect.NativeMethodAccessorImpl.invoke(NativeMethodAccessorImpl.java:77) ~[na:na]
	at java.base/jdk.internal.reflect.DelegatingMethodAccessorImpl.invoke(DelegatingMethodAccessorImpl.java:43) ~[na:na]
	at java.base/java.lang.reflect.Method.invoke(Method.java:569) ~[na:na]
	at org.springframework.boot.loader.launch.Launcher.launch(Launcher.java:91) ~[dealsTGBot-0.0.1-SNAPSHOT.jar:0.0.1-SNAPSHOT]
	at org.springframework.boot.loader.launch.Launcher.launch(Launcher.java:53) ~[dealsTGBot-0.0.1-SNAPSHOT.jar:0.0.1-SNAPSHOT]
	at org.springframework.boot.loader.launch.JarLauncher.main(JarLauncher.java:58) ~[dealsTGBot-0.0.1-SNAPSHOT.jar:0.0.1-SNAPSHOT]
Caused by: org.springframework.beans.factory.BeanCreationException: Error creating bean with name 'betBot' defined in URL [jar:nested:/Users/vigo/Documents/sandbox/dealsTGBot/target/dealsTGBot-0.0.1-SNAPSHOT.jar/!BOOT-INF/classes/!/com/example/dealsTGBot/bot/BetBot.class]: Unexpected exception during bean creation
	at org.springframework.beans.factory.support.AbstractAutowireCapableBeanFactory.createBean(AbstractAutowireCapableBeanFactory.java:535) ~[spring-beans-6.1.4.jar!/:6.1.4]
	at org.springframework.beans.factory.support.AbstractBeanFactory.lambda$doGetBean$0(AbstractBeanFactory.java:325) ~[spring-beans-6.1.4.jar!/:6.1.4]
	at org.springframework.beans.factory.support.DefaultSingletonBeanRegistry.getSingleton(DefaultSingletonBeanRegistry.java:234) ~[spring-beans-6.1.4.jar!/:6.1.4]
	at org.springframework.beans.factory.support.AbstractBeanFactory.doGetBean(AbstractBeanFactory.java:323) ~[spring-beans-6.1.4.jar!/:6.1.4]
	at org.springframework.beans.factory.support.AbstractBeanFactory.getBean(AbstractBeanFactory.java:199) ~[spring-beans-6.1.4.jar!/:6.1.4]
	at org.springframework.beans.factory.config.DependencyDescriptor.resolveCandidate(DependencyDescriptor.java:254) ~[spring-beans-6.1.4.jar!/:6.1.4]
	at org.springframework.beans.factory.support.DefaultListableBeanFactory.doResolveDependency(DefaultListableBeanFactory.java:1443) ~[spring-beans-6.1.4.jar!/:6.1.4]
	at org.springframework.beans.factory.support.DefaultListableBeanFactory.resolveDependency(DefaultListableBeanFactory.java:1353) ~[spring-beans-6.1.4.jar!/:6.1.4]
	at org.springframework.beans.factory.annotation.AutowiredAnnotationBeanPostProcessor$AutowiredFieldElement.resolveFieldValue(AutowiredAnnotationBeanPostProcessor.java:784) ~[spring-beans-6.1.4.jar!/:6.1.4]
	... 27 common frames omitted
Caused by: java.lang.IllegalArgumentException: Could not resolve placeholder 'BOT_TOKEN' in value "${BOT_TOKEN}"
	at org.springframework.util.PropertyPlaceholderHelper.parseStringValue(PropertyPlaceholderHelper.java:180) ~[spring-core-6.1.4.jar!/:6.1.4]
	at org.springframework.util.PropertyPlaceholderHelper.replacePlaceholders(PropertyPlaceholderHelper.java:126) ~[spring-core-6.1.4.jar!/:6.1.4]
	at org.springframework.core.env.AbstractPropertyResolver.doResolvePlaceholders(AbstractPropertyResolver.java:239) ~[spring-core-6.1.4.jar!/:6.1.4]
	at org.springframework.core.env.AbstractPropertyResolver.resolveRequiredPlaceholders(AbstractPropertyResolver.java:210) ~[spring-core-6.1.4.jar!/:6.1.4]
	at org.springframework.core.env.AbstractPropertyResolver.resolveNestedPlaceholders(AbstractPropertyResolver.java:230) ~[spring-core-6.1.4.jar!/:6.1.4]
	at org.springframework.boot.context.properties.source.ConfigurationPropertySourcesPropertyResolver.getProperty(ConfigurationPropertySourcesPropertyResolver.java:80) ~[spring-boot-3.2.3.jar!/:3.2.3]
	at org.springframework.boot.context.properties.source.ConfigurationPropertySourcesPropertyResolver.getProperty(ConfigurationPropertySourcesPropertyResolver.java:61) ~[spring-boot-3.2.3.jar!/:3.2.3]
	at org.springframework.core.env.AbstractEnvironment.getProperty(AbstractEnvironment.java:552) ~[spring-core-6.1.4.jar!/:6.1.4]
	at org.springframework.context.support.PropertySourcesPlaceholderConfigurer$1.getProperty(PropertySourcesPlaceholderConfigurer.java:153) ~[spring-context-6.1.4.jar!/:6.1.4]
	at org.springframework.context.support.PropertySourcesPlaceholderConfigurer$1.getProperty(PropertySourcesPlaceholderConfigurer.java:149) ~[spring-context-6.1.4.jar!/:6.1.4]
	at org.springframework.core.env.PropertySourcesPropertyResolver.getProperty(PropertySourcesPropertyResolver.java:85) ~[spring-core-6.1.4.jar!/:6.1.4]
	at org.springframework.core.env.PropertySourcesPropertyResolver.getPropertyAsRawString(PropertySourcesPropertyResolver.java:74) ~[spring-core-6.1.4.jar!/:6.1.4]
	at org.springframework.util.PropertyPlaceholderHelper.parseStringValue(PropertyPlaceholderHelper.java:153) ~[spring-core-6.1.4.jar!/:6.1.4]
	at org.springframework.util.PropertyPlaceholderHelper.replacePlaceholders(PropertyPlaceholderHelper.java:126) ~[spring-core-6.1.4.jar!/:6.1.4]
	at org.springframework.core.env.AbstractPropertyResolver.doResolvePlaceholders(AbstractPropertyResolver.java:239) ~[spring-core-6.1.4.jar!/:6.1.4]
	at org.springframework.core.env.AbstractPropertyResolver.resolveRequiredPlaceholders(AbstractPropertyResolver.java:210) ~[spring-core-6.1.4.jar!/:6.1.4]
	at org.springframework.context.support.PropertySourcesPlaceholderConfigurer.lambda$processProperties$0(PropertySourcesPlaceholderConfigurer.java:200) ~[spring-context-6.1.4.jar!/:6.1.4]
	at org.springframework.beans.factory.support.AbstractBeanFactory.resolveEmbeddedValue(AbstractBeanFactory.java:921) ~[spring-beans-6.1.4.jar!/:6.1.4]
	at org.springframework.beans.factory.support.DefaultListableBeanFactory.doResolveDependency(DefaultListableBeanFactory.java:1374) ~[spring-beans-6.1.4.jar!/:6.1.4]
	at org.springframework.beans.factory.support.DefaultListableBeanFactory.resolveDependency(DefaultListableBeanFactory.java:1353) ~[spring-beans-6.1.4.jar!/:6.1.4]
	at org.springframework.beans.factory.support.ConstructorResolver.resolveAutowiredArgument(ConstructorResolver.java:907) ~[spring-beans-6.1.4.jar!/:6.1.4]
	at org.springframework.beans.factory.support.ConstructorResolver.createArgumentArray(ConstructorResolver.java:785) ~[spring-beans-6.1.4.jar!/:6.1.4]
	at org.springframework.beans.factory.support.ConstructorResolver.autowireConstructor(ConstructorResolver.java:237) ~[spring-beans-6.1.4.jar!/:6.1.4]
	at org.springframework.beans.factory.support.AbstractAutowireCapableBeanFactory.autowireConstructor(AbstractAutowireCapableBeanFactory.java:1355) ~[spring-beans-6.1.4.jar!/:6.1.4]
	at org.springframework.beans.factory.support.AbstractAutowireCapableBeanFactory.createBeanInstance(AbstractAutowireCapableBeanFactory.java:1192) ~[spring-beans-6.1.4.jar!/:6.1.4]
	at org.springframework.beans.factory.support.AbstractAutowireCapableBeanFactory.doCreateBean(AbstractAutowireCapableBeanFactory.java:562) ~[spring-beans-6.1.4.jar!/:6.1.4]
	at org.springframework.beans.factory.support.AbstractAutowireCapableBeanFactory.createBean(AbstractAutowireCapableBeanFactory.java:522) ~[spring-beans-6.1.4.jar!/:6.1.4]
	... 35 common frames omitted

2025-04-12T20:51:55.098+03:00  INFO 15145 --- [dealsTGBot] [main] c.e.dealsTGBot.DealsTGBotApplication     : Starting DealsTGBotApplication v0.0.1-SNAPSHOT using Java 17.0.13 with PID 15145 (/Users/vigo/Documents/sandbox/dealsTGBot/target/dealsTGBot-0.0.1-SNAPSHOT.jar started by vigo in /Users/vigo/Documents/sandbox/dealsTGBot)
2025-04-12T20:51:55.100+03:00  INFO 15145 --- [dealsTGBot] [main] c.e.dealsTGBot.DealsTGBotApplication     : No active profile set, falling back to 1 default profile: "default"
2025-04-12T20:51:55.661+03:00  INFO 15145 --- [dealsTGBot] [main] o.s.b.w.embedded.tomcat.TomcatWebServer  : Tomcat initialized with port 8080 (http)
2025-04-12T20:51:55.667+03:00  INFO 15145 --- [dealsTGBot] [main] o.apache.catalina.core.StandardService   : Starting service [Tomcat]
2025-04-12T20:51:55.667+03:00  INFO 15145 --- [dealsTGBot] [main] o.apache.catalina.core.StandardEngine    : Starting Servlet engine: [Apache Tomcat/10.1.19]
2025-04-12T20:51:55.690+03:00  INFO 15145 --- [dealsTGBot] [main] o.a.c.c.C.[Tomcat].[localhost].[/]       : Initializing Spring embedded WebApplicationContext
2025-04-12T20:51:55.690+03:00  INFO 15145 --- [dealsTGBot] [main] w.s.c.ServletWebServerApplicationContext : Root WebApplicationContext: initialization completed in 535 ms
2025-04-12T20:51:55.744+03:00  WARN 15145 --- [dealsTGBot] [main] ConfigServletWebServerApplicationContext : Exception encountered during context initialization - cancelling refresh attempt: org.springframework.beans.factory.UnsatisfiedDependencyException: Error creating bean with name 'dealsTGBotApplication': Unsatisfied dependency expressed through field 'betBot': Error creating bean with name 'betBot' defined in URL [jar:nested:/Users/vigo/Documents/sandbox/dealsTGBot/target/dealsTGBot-0.0.1-SNAPSHOT.jar/!BOOT-INF/classes/!/com/example/dealsTGBot/bot/BetBot.class]: Unexpected exception during bean creation
2025-04-12T20:51:55.745+03:00  INFO 15145 --- [dealsTGBot] [main] o.apache.catalina.core.StandardService   : Stopping service [Tomcat]
2025-04-12T20:51:55.752+03:00  INFO 15145 --- [dealsTGBot] [main] .s.b.a.l.ConditionEvaluationReportLogger : 

Error starting ApplicationContext. To display the condition evaluation report re-run your application with 'debug' enabled.
2025-04-12T20:51:55.765+03:00 ERROR 15145 --- [dealsTGBot] [main] o.s.boot.SpringApplication               : Application run failed

org.springframework.beans.factory.UnsatisfiedDependencyException: Error creating bean with name 'dealsTGBotApplication': Unsatisfied dependency expressed through field 'betBot': Error creating bean with name 'betBot' defined in URL [jar:nested:/Users/vigo/Documents/sandbox/dealsTGBot/target/dealsTGBot-0.0.1-SNAPSHOT.jar/!BOOT-INF/classes/!/com/example/dealsTGBot/bot/BetBot.class]: Unexpected exception during bean creation
	at org.springframework.beans.factory.annotation.AutowiredAnnotationBeanPostProcessor$AutowiredFieldElement.resolveFieldValue(AutowiredAnnotationBeanPostProcessor.java:787) ~[spring-beans-6.1.4.jar!/:6.1.4]
	at org.springframework.beans.factory.annotation.AutowiredAnnotationBeanPostProcessor$AutowiredFieldElement.inject(AutowiredAnnotationBeanPostProcessor.java:767) ~[spring-beans-6.1.4.jar!/:6.1.4]
	at org.springframework.beans.factory.annotation.InjectionMetadata.inject(InjectionMetadata.java:145) ~[spring-beans-6.1.4.jar!/:6.1.4]
	at org.springframework.beans.factory.annotation.AutowiredAnnotationBeanPostProcessor.postProcessProperties(AutowiredAnnotationBeanPostProcessor.java:508) ~[spring-beans-6.1.4.jar!/:6.1.4]
	at org.springframework.beans.factory.support.AbstractAutowireCapableBeanFactory.populateBean(AbstractAutowireCapableBeanFactory.java:1419) ~[spring-beans-6.1.4.jar!/:6.1.4]
	at org.springframework.beans.factory.support.AbstractAutowireCapableBeanFactory.doCreateBean(AbstractAutowireCapableBeanFactory.java:599) ~[spring-beans-6.1.4.jar!/:6.1.4]
	at org.springframework.beans.factory.support.AbstractAutowireCapableBeanFactory.createBean(AbstractAutowireCapableBeanFactory.java:522) ~[spring-beans-6.1.4.jar!/:6.1.4]
	at org.springframework.beans.factory.support.AbstractBeanFactory.lambda$doGetBean$0(AbstractBeanFactory.java:325) ~[spring-beans-6.1.4.jar!/:6.1.4]
	at org.springframework.beans.factory.support.DefaultSingletonBeanRegistry.getSingleton(DefaultSingletonBeanRegistry.java:234) ~[spring-beans-6.1.4.jar!/:6.1.4]
	at org.springframework.beans.factory.support.AbstractBeanFactory.doGetBean(AbstractBeanFactory.java:323) ~[spring-beans-6.1.4.jar!/:6.1.4]
	at org.springframework.beans.factory.support.AbstractBeanFactory.getBean(AbstractBeanFactory.java:199) ~[spring-beans-6.1.4.jar!/:6.1.4]
	at org.springframework.beans.factory.support.DefaultListableBeanFactory.preInstantiateSingletons(DefaultListableBeanFactory.java:975) ~[spring-beans-6.1.4.jar!/:6.1.4]
	at org.springframework.context.support.AbstractApplicationContext.finishBeanFactoryInitialization(AbstractApplicationContext.java:959) ~[spring-context-6.1.4.jar!/:6.1.4]
	at org.springframework.context.support.AbstractApplicationContext.refresh(AbstractApplicationContext.java:624) ~[spring-context-6.1.4.jar!/:6.1.4]
	at org.springframework.boot.web.servlet.context.ServletWebServerApplicationContext.refresh(ServletWebServerApplicationContext.java:146) ~[spring-boot-3.2.3.jar!/:3.2.3]
	at org.springframework.boot.SpringApplication.refresh(SpringApplication.java:754) ~[spring-boot-3.2.3.jar!/:3.2.3]
	at org.springframework.boot.SpringApplication.refreshContext(SpringApplication.java:456) ~[spring-boot-3.2.3.jar!/:3.2.3]
	at org.springframework.boot.SpringApplication.run(SpringApplication.java:334) ~[spring-boot-3.2.3.jar!/:3.2.3]
	at org.springframework.boot.SpringApplication.run(SpringApplication.java:1354) ~[spring-boot-3.2.3.jar!/:3.2.3]
	at org.springframework.boot.SpringApplication.run(SpringApplication.java:1343) ~[spring-boot-3.2.3.jar!/:3.2.3]
	at com.example.dealsTGBot.DealsTGBotApplication.main(DealsTGBotApplication.java:17) ~[!/:0.0.1-SNAPSHOT]
	at java.base/jdk.internal.reflect.NativeMethodAccessorImpl.invoke0(Native Method) ~[na:na]
	at java.base/jdk.internal.reflect.NativeMethodAccessorImpl.invoke(NativeMethodAccessorImpl.java:77) ~[na:na]
	at java.base/jdk.internal.reflect.DelegatingMethodAccessorImpl.invoke(DelegatingMethodAccessorImpl.java:43) ~[na:na]
	at java.base/java.lang.reflect.Method.invoke(Method.java:569) ~[na:na]
	at org.springframework.boot.loader.launch.Launcher.launch(Launcher.java:91) ~[dealsTGBot-0.0.1-SNAPSHOT.jar:0.0.1-SNAPSHOT]
	at org.springframework.boot.loader.launch.Launcher.launch(Launcher.java:53) ~[dealsTGBot-0.0.1-SNAPSHOT.jar:0.0.1-SNAPSHOT]
	at org.springframework.boot.loader.launch.JarLauncher.main(JarLauncher.java:58) ~[dealsTGBot-0.0.1-SNAPSHOT.jar:0.0.1-SNAPSHOT]
Caused by: org.springframework.beans.factory.BeanCreationException: Error creating bean with name 'betBot' defined in URL [jar:nested:/Users/vigo/Documents/sandbox/dealsTGBot/target/dealsTGBot-0.0.1-SNAPSHOT.jar/!BOOT-INF/classes/!/com/example/dealsTGBot/bot/BetBot.class]: Unexpected exception during bean creation
	at org.springframework.beans.factory.support.AbstractAutowireCapableBeanFactory.createBean(AbstractAutowireCapableBeanFactory.java:535) ~[spring-beans-6.1.4.jar!/:6.1.4]
	at org.springframework.beans.factory.support.AbstractBeanFactory.lambda$doGetBean$0(AbstractBeanFactory.java:325) ~[spring-beans-6.1.4.jar!/:6.1.4]
	at org.springframework.beans.factory.support.DefaultSingletonBeanRegistry.getSingleton(DefaultSingletonBeanRegistry.java:234) ~[spring-beans-6.1.4.jar!/:6.1.4]
	at org.springframework.beans.factory.support.AbstractBeanFactory.doGetBean(AbstractBeanFactory.java:323) ~[spring-beans-6.1.4.jar!/:6.1.4]
	at org.springframework.beans.factory.support.AbstractBeanFactory.getBean(AbstractBeanFactory.java:199) ~[spring-beans-6.1.4.jar!/:6.1.4]
	at org.springframework.beans.factory.config.DependencyDescriptor.resolveCandidate(DependencyDescriptor.java:254) ~[spring-beans-6.1.4.jar!/:6.1.4]
	at org.springframework.beans.factory.support.DefaultListableBeanFactory.doResolveDependency(DefaultListableBeanFactory.java:1443) ~[spring-beans-6.1.4.jar!/:6.1.4]
	at org.springframework.beans.factory.support.DefaultListableBeanFactory.resolveDependency(DefaultListableBeanFactory.java:1353) ~[spring-beans-6.1.4.jar!/:6.1.4]
	at org.springframework.beans.factory.annotation.AutowiredAnnotationBeanPostProcessor$AutowiredFieldElement.resolveFieldValue(AutowiredAnnotationBeanPostProcessor.java:784) ~[spring-beans-6.1.4.jar!/:6.1.4]
	... 27 common frames omitted
Caused by: java.lang.IllegalArgumentException: Could not resolve placeholder 'BOT_TOKEN' in value "${BOT_TOKEN}"
	at org.springframework.util.PropertyPlaceholderHelper.parseStringValue(PropertyPlaceholderHelper.java:180) ~[spring-core-6.1.4.jar!/:6.1.4]
	at org.springframework.util.PropertyPlaceholderHelper.replacePlaceholders(PropertyPlaceholderHelper.java:126) ~[spring-core-6.1.4.jar!/:6.1.4]
	at org.springframework.core.env.AbstractPropertyResolver.doResolvePlaceholders(AbstractPropertyResolver.java:239) ~[spring-core-6.1.4.jar!/:6.1.4]
	at org.springframework.core.env.AbstractPropertyResolver.resolveRequiredPlaceholders(AbstractPropertyResolver.java:210) ~[spring-core-6.1.4.jar!/:6.1.4]
	at org.springframework.core.env.AbstractPropertyResolver.resolveNestedPlaceholders(AbstractPropertyResolver.java:230) ~[spring-core-6.1.4.jar!/:6.1.4]
	at org.springframework.boot.context.properties.source.ConfigurationPropertySourcesPropertyResolver.getProperty(ConfigurationPropertySourcesPropertyResolver.java:80) ~[spring-boot-3.2.3.jar!/:3.2.3]
	at org.springframework.boot.context.properties.source.ConfigurationPropertySourcesPropertyResolver.getProperty(ConfigurationPropertySourcesPropertyResolver.java:61) ~[spring-boot-3.2.3.jar!/:3.2.3]
	at org.springframework.core.env.AbstractEnvironment.getProperty(AbstractEnvironment.java:552) ~[spring-core-6.1.4.jar!/:6.1.4]
	at org.springframework.context.support.PropertySourcesPlaceholderConfigurer$1.getProperty(PropertySourcesPlaceholderConfigurer.java:153) ~[spring-context-6.1.4.jar!/:6.1.4]
	at org.springframework.context.support.PropertySourcesPlaceholderConfigurer$1.getProperty(PropertySourcesPlaceholderConfigurer.java:149) ~[spring-context-6.1.4.jar!/:6.1.4]
	at org.springframework.core.env.PropertySourcesPropertyResolver.getProperty(PropertySourcesPropertyResolver.java:85) ~[spring-core-6.1.4.jar!/:6.1.4]
	at org.springframework.core.env.PropertySourcesPropertyResolver.getPropertyAsRawString(PropertySourcesPropertyResolver.java:74) ~[spring-core-6.1.4.jar!/:6.1.4]
	at org.springframework.util.PropertyPlaceholderHelper.parseStringValue(PropertyPlaceholderHelper.java:153) ~[spring-core-6.1.4.jar!/:6.1.4]
	at org.springframework.util.PropertyPlaceholderHelper.replacePlaceholders(PropertyPlaceholderHelper.java:126) ~[spring-core-6.1.4.jar!/:6.1.4]
	at org.springframework.core.env.AbstractPropertyResolver.doResolvePlaceholders(AbstractPropertyResolver.java:239) ~[spring-core-6.1.4.jar!/:6.1.4]
	at org.springframework.core.env.AbstractPropertyResolver.resolveRequiredPlaceholders(AbstractPropertyResolver.java:210) ~[spring-core-6.1.4.jar!/:6.1.4]
	at org.springframework.context.support.PropertySourcesPlaceholderConfigurer.lambda$processProperties$0(PropertySourcesPlaceholderConfigurer.java:200) ~[spring-context-6.1.4.jar!/:6.1.4]
	at org.springframework.beans.factory.support.AbstractBeanFactory.resolveEmbeddedValue(AbstractBeanFactory.java:921) ~[spring-beans-6.1.4.jar!/:6.1.4]
	at org.springframework.beans.factory.support.DefaultListableBeanFactory.doResolveDependency(DefaultListableBeanFactory.java:1374) ~[spring-beans-6.1.4.jar!/:6.1.4]
	at org.springframework.beans.factory.support.DefaultListableBeanFactory.resolveDependency(DefaultListableBeanFactory.java:1353) ~[spring-beans-6.1.4.jar!/:6.1.4]
	at org.springframework.beans.factory.support.ConstructorResolver.resolveAutowiredArgument(ConstructorResolver.java:907) ~[spring-beans-6.1.4.jar!/:6.1.4]
	at org.springframework.beans.factory.support.ConstructorResolver.createArgumentArray(ConstructorResolver.java:785) ~[spring-beans-6.1.4.jar!/:6.1.4]
	at org.springframework.beans.factory.support.ConstructorResolver.autowireConstructor(ConstructorResolver.java:237) ~[spring-beans-6.1.4.jar!/:6.1.4]
	at org.springframework.beans.factory.support.AbstractAutowireCapableBeanFactory.autowireConstructor(AbstractAutowireCapableBeanFactory.java:1355) ~[spring-beans-6.1.4.jar!/:6.1.4]
	at org.springframework.beans.factory.support.AbstractAutowireCapableBeanFactory.createBeanInstance(AbstractAutowireCapableBeanFactory.java:1192) ~[spring-beans-6.1.4.jar!/:6.1.4]
	at org.springframework.beans.factory.support.AbstractAutowireCapableBeanFactory.doCreateBean(AbstractAutowireCapableBeanFactory.java:562) ~[spring-beans-6.1.4.jar!/:6.1.4]
	at org.springframework.beans.factory.support.AbstractAutowireCapableBeanFactory.createBean(AbstractAutowireCapableBeanFactory.java:522) ~[spring-beans-6.1.4.jar!/:6.1.4]
	... 35 common frames omitted

2025-04-12T20:53:09.289+03:00  INFO 15673 --- [dealsTGBot] [main] c.e.dealsTGBot.DealsTGBotApplication     : Starting DealsTGBotApplication v0.0.1-SNAPSHOT using Java 17.0.13 with PID 15673 (/Users/vigo/Documents/sandbox/dealsTGBot/target/dealsTGBot-0.0.1-SNAPSHOT.jar started by vigo in /Users/vigo/Documents/sandbox/dealsTGBot)
2025-04-12T20:53:09.294+03:00  INFO 15673 --- [dealsTGBot] [main] c.e.dealsTGBot.DealsTGBotApplication     : No active profile set, falling back to 1 default profile: "default"
2025-04-12T20:53:09.802+03:00  INFO 15673 --- [dealsTGBot] [main] o.s.b.w.embedded.tomcat.TomcatWebServer  : Tomcat initialized with port 8080 (http)
2025-04-12T20:53:09.808+03:00  INFO 15673 --- [dealsTGBot] [main] o.apache.catalina.core.StandardService   : Starting service [Tomcat]
2025-04-12T20:53:09.808+03:00  INFO 15673 --- [dealsTGBot] [main] o.apache.catalina.core.StandardEngine    : Starting Servlet engine: [Apache Tomcat/10.1.19]
2025-04-12T20:53:09.829+03:00  INFO 15673 --- [dealsTGBot] [main] o.a.c.c.C.[Tomcat].[localhost].[/]       : Initializing Spring embedded WebApplicationContext
2025-04-12T20:53:09.829+03:00  INFO 15673 --- [dealsTGBot] [main] w.s.c.ServletWebServerApplicationContext : Root WebApplicationContext: initialization completed in 493 ms
2025-04-12T20:53:09.877+03:00  WARN 15673 --- [dealsTGBot] [main] ConfigServletWebServerApplicationContext : Exception encountered during context initialization - cancelling refresh attempt: org.springframework.beans.factory.UnsatisfiedDependencyException: Error creating bean with name 'dealsTGBotApplication': Unsatisfied dependency expressed through field 'betBot': Error creating bean with name 'betBot' defined in URL [jar:nested:/Users/vigo/Documents/sandbox/dealsTGBot/target/dealsTGBot-0.0.1-SNAPSHOT.jar/!BOOT-INF/classes/!/com/example/dealsTGBot/bot/BetBot.class]: Unexpected exception during bean creation
2025-04-12T20:53:09.879+03:00  INFO 15673 --- [dealsTGBot] [main] o.apache.catalina.core.StandardService   : Stopping service [Tomcat]
2025-04-12T20:53:09.886+03:00  INFO 15673 --- [dealsTGBot] [main] .s.b.a.l.ConditionEvaluationReportLogger : 

Error starting ApplicationContext. To display the condition evaluation report re-run your application with 'debug' enabled.
2025-04-12T20:53:09.897+03:00 ERROR 15673 --- [dealsTGBot] [main] o.s.boot.SpringApplication               : Application run failed

org.springframework.beans.factory.UnsatisfiedDependencyException: Error creating bean with name 'dealsTGBotApplication': Unsatisfied dependency expressed through field 'betBot': Error creating bean with name 'betBot' defined in URL [jar:nested:/Users/vigo/Documents/sandbox/dealsTGBot/target/dealsTGBot-0.0.1-SNAPSHOT.jar/!BOOT-INF/classes/!/com/example/dealsTGBot/bot/BetBot.class]: Unexpected exception during bean creation
	at org.springframework.beans.factory.annotation.AutowiredAnnotationBeanPostProcessor$AutowiredFieldElement.resolveFieldValue(AutowiredAnnotationBeanPostProcessor.java:787) ~[spring-beans-6.1.4.jar!/:6.1.4]
	at org.springframework.beans.factory.annotation.AutowiredAnnotationBeanPostProcessor$AutowiredFieldElement.inject(AutowiredAnnotationBeanPostProcessor.java:767) ~[spring-beans-6.1.4.jar!/:6.1.4]
	at org.springframework.beans.factory.annotation.InjectionMetadata.inject(InjectionMetadata.java:145) ~[spring-beans-6.1.4.jar!/:6.1.4]
	at org.springframework.beans.factory.annotation.AutowiredAnnotationBeanPostProcessor.postProcessProperties(AutowiredAnnotationBeanPostProcessor.java:508) ~[spring-beans-6.1.4.jar!/:6.1.4]
	at org.springframework.beans.factory.support.AbstractAutowireCapableBeanFactory.populateBean(AbstractAutowireCapableBeanFactory.java:1419) ~[spring-beans-6.1.4.jar!/:6.1.4]
	at org.springframework.beans.factory.support.AbstractAutowireCapableBeanFactory.doCreateBean(AbstractAutowireCapableBeanFactory.java:599) ~[spring-beans-6.1.4.jar!/:6.1.4]
	at org.springframework.beans.factory.support.AbstractAutowireCapableBeanFactory.createBean(AbstractAutowireCapableBeanFactory.java:522) ~[spring-beans-6.1.4.jar!/:6.1.4]
	at org.springframework.beans.factory.support.AbstractBeanFactory.lambda$doGetBean$0(AbstractBeanFactory.java:325) ~[spring-beans-6.1.4.jar!/:6.1.4]
	at org.springframework.beans.factory.support.DefaultSingletonBeanRegistry.getSingleton(DefaultSingletonBeanRegistry.java:234) ~[spring-beans-6.1.4.jar!/:6.1.4]
	at org.springframework.beans.factory.support.AbstractBeanFactory.doGetBean(AbstractBeanFactory.java:323) ~[spring-beans-6.1.4.jar!/:6.1.4]
	at org.springframework.beans.factory.support.AbstractBeanFactory.getBean(AbstractBeanFactory.java:199) ~[spring-beans-6.1.4.jar!/:6.1.4]
	at org.springframework.beans.factory.support.DefaultListableBeanFactory.preInstantiateSingletons(DefaultListableBeanFactory.java:975) ~[spring-beans-6.1.4.jar!/:6.1.4]
	at org.springframework.context.support.AbstractApplicationContext.finishBeanFactoryInitialization(AbstractApplicationContext.java:959) ~[spring-context-6.1.4.jar!/:6.1.4]
	at org.springframework.context.support.AbstractApplicationContext.refresh(AbstractApplicationContext.java:624) ~[spring-context-6.1.4.jar!/:6.1.4]
	at org.springframework.boot.web.servlet.context.ServletWebServerApplicationContext.refresh(ServletWebServerApplicationContext.java:146) ~[spring-boot-3.2.3.jar!/:3.2.3]
	at org.springframework.boot.SpringApplication.refresh(SpringApplication.java:754) ~[spring-boot-3.2.3.jar!/:3.2.3]
	at org.springframework.boot.SpringApplication.refreshContext(SpringApplication.java:456) ~[spring-boot-3.2.3.jar!/:3.2.3]
	at org.springframework.boot.SpringApplication.run(SpringApplication.java:334) ~[spring-boot-3.2.3.jar!/:3.2.3]
	at org.springframework.boot.SpringApplication.run(SpringApplication.java:1354) ~[spring-boot-3.2.3.jar!/:3.2.3]
	at org.springframework.boot.SpringApplication.run(SpringApplication.java:1343) ~[spring-boot-3.2.3.jar!/:3.2.3]
	at com.example.dealsTGBot.DealsTGBotApplication.main(DealsTGBotApplication.java:17) ~[!/:0.0.1-SNAPSHOT]
	at java.base/jdk.internal.reflect.NativeMethodAccessorImpl.invoke0(Native Method) ~[na:na]
	at java.base/jdk.internal.reflect.NativeMethodAccessorImpl.invoke(NativeMethodAccessorImpl.java:77) ~[na:na]
	at java.base/jdk.internal.reflect.DelegatingMethodAccessorImpl.invoke(DelegatingMethodAccessorImpl.java:43) ~[na:na]
	at java.base/java.lang.reflect.Method.invoke(Method.java:569) ~[na:na]
	at org.springframework.boot.loader.launch.Launcher.launch(Launcher.java:91) ~[dealsTGBot-0.0.1-SNAPSHOT.jar:0.0.1-SNAPSHOT]
	at org.springframework.boot.loader.launch.Launcher.launch(Launcher.java:53) ~[dealsTGBot-0.0.1-SNAPSHOT.jar:0.0.1-SNAPSHOT]
	at org.springframework.boot.loader.launch.JarLauncher.main(JarLauncher.java:58) ~[dealsTGBot-0.0.1-SNAPSHOT.jar:0.0.1-SNAPSHOT]
Caused by: org.springframework.beans.factory.BeanCreationException: Error creating bean with name 'betBot' defined in URL [jar:nested:/Users/vigo/Documents/sandbox/dealsTGBot/target/dealsTGBot-0.0.1-SNAPSHOT.jar/!BOOT-INF/classes/!/com/example/dealsTGBot/bot/BetBot.class]: Unexpected exception during bean creation
	at org.springframework.beans.factory.support.AbstractAutowireCapableBeanFactory.createBean(AbstractAutowireCapableBeanFactory.java:535) ~[spring-beans-6.1.4.jar!/:6.1.4]
	at org.springframework.beans.factory.support.AbstractBeanFactory.lambda$doGetBean$0(AbstractBeanFactory.java:325) ~[spring-beans-6.1.4.jar!/:6.1.4]
	at org.springframework.beans.factory.support.DefaultSingletonBeanRegistry.getSingleton(DefaultSingletonBeanRegistry.java:234) ~[spring-beans-6.1.4.jar!/:6.1.4]
	at org.springframework.beans.factory.support.AbstractBeanFactory.doGetBean(AbstractBeanFactory.java:323) ~[spring-beans-6.1.4.jar!/:6.1.4]
	at org.springframework.beans.factory.support.AbstractBeanFactory.getBean(AbstractBeanFactory.java:199) ~[spring-beans-6.1.4.jar!/:6.1.4]
	at org.springframework.beans.factory.config.DependencyDescriptor.resolveCandidate(DependencyDescriptor.java:254) ~[spring-beans-6.1.4.jar!/:6.1.4]
	at org.springframework.beans.factory.support.DefaultListableBeanFactory.doResolveDependency(DefaultListableBeanFactory.java:1443) ~[spring-beans-6.1.4.jar!/:6.1.4]
	at org.springframework.beans.factory.support.DefaultListableBeanFactory.resolveDependency(DefaultListableBeanFactory.java:1353) ~[spring-beans-6.1.4.jar!/:6.1.4]
	at org.springframework.beans.factory.annotation.AutowiredAnnotationBeanPostProcessor$AutowiredFieldElement.resolveFieldValue(AutowiredAnnotationBeanPostProcessor.java:784) ~[spring-beans-6.1.4.jar!/:6.1.4]
	... 27 common frames omitted
Caused by: java.lang.IllegalArgumentException: Could not resolve placeholder 'BOT_TOKEN' in value "${BOT_TOKEN}"
	at org.springframework.util.PropertyPlaceholderHelper.parseStringValue(PropertyPlaceholderHelper.java:180) ~[spring-core-6.1.4.jar!/:6.1.4]
	at org.springframework.util.PropertyPlaceholderHelper.replacePlaceholders(PropertyPlaceholderHelper.java:126) ~[spring-core-6.1.4.jar!/:6.1.4]
	at org.springframework.core.env.AbstractPropertyResolver.doResolvePlaceholders(AbstractPropertyResolver.java:239) ~[spring-core-6.1.4.jar!/:6.1.4]
	at org.springframework.core.env.AbstractPropertyResolver.resolveRequiredPlaceholders(AbstractPropertyResolver.java:210) ~[spring-core-6.1.4.jar!/:6.1.4]
	at org.springframework.core.env.AbstractPropertyResolver.resolveNestedPlaceholders(AbstractPropertyResolver.java:230) ~[spring-core-6.1.4.jar!/:6.1.4]
	at org.springframework.boot.context.properties.source.ConfigurationPropertySourcesPropertyResolver.getProperty(ConfigurationPropertySourcesPropertyResolver.java:80) ~[spring-boot-3.2.3.jar!/:3.2.3]
	at org.springframework.boot.context.properties.source.ConfigurationPropertySourcesPropertyResolver.getProperty(ConfigurationPropertySourcesPropertyResolver.java:61) ~[spring-boot-3.2.3.jar!/:3.2.3]
	at org.springframework.core.env.AbstractEnvironment.getProperty(AbstractEnvironment.java:552) ~[spring-core-6.1.4.jar!/:6.1.4]
	at org.springframework.context.support.PropertySourcesPlaceholderConfigurer$1.getProperty(PropertySourcesPlaceholderConfigurer.java:153) ~[spring-context-6.1.4.jar!/:6.1.4]
	at org.springframework.context.support.PropertySourcesPlaceholderConfigurer$1.getProperty(PropertySourcesPlaceholderConfigurer.java:149) ~[spring-context-6.1.4.jar!/:6.1.4]
	at org.springframework.core.env.PropertySourcesPropertyResolver.getProperty(PropertySourcesPropertyResolver.java:85) ~[spring-core-6.1.4.jar!/:6.1.4]
	at org.springframework.core.env.PropertySourcesPropertyResolver.getPropertyAsRawString(PropertySourcesPropertyResolver.java:74) ~[spring-core-6.1.4.jar!/:6.1.4]
	at org.springframework.util.PropertyPlaceholderHelper.parseStringValue(PropertyPlaceholderHelper.java:153) ~[spring-core-6.1.4.jar!/:6.1.4]
	at org.springframework.util.PropertyPlaceholderHelper.replacePlaceholders(PropertyPlaceholderHelper.java:126) ~[spring-core-6.1.4.jar!/:6.1.4]
	at org.springframework.core.env.AbstractPropertyResolver.doResolvePlaceholders(AbstractPropertyResolver.java:239) ~[spring-core-6.1.4.jar!/:6.1.4]
	at org.springframework.core.env.AbstractPropertyResolver.resolveRequiredPlaceholders(AbstractPropertyResolver.java:210) ~[spring-core-6.1.4.jar!/:6.1.4]
	at org.springframework.context.support.PropertySourcesPlaceholderConfigurer.lambda$processProperties$0(PropertySourcesPlaceholderConfigurer.java:200) ~[spring-context-6.1.4.jar!/:6.1.4]
	at org.springframework.beans.factory.support.AbstractBeanFactory.resolveEmbeddedValue(AbstractBeanFactory.java:921) ~[spring-beans-6.1.4.jar!/:6.1.4]
	at org.springframework.beans.factory.support.DefaultListableBeanFactory.doResolveDependency(DefaultListableBeanFactory.java:1374) ~[spring-beans-6.1.4.jar!/:6.1.4]
	at org.springframework.beans.factory.support.DefaultListableBeanFactory.resolveDependency(DefaultListableBeanFactory.java:1353) ~[spring-beans-6.1.4.jar!/:6.1.4]
	at org.springframework.beans.factory.support.ConstructorResolver.resolveAutowiredArgument(ConstructorResolver.java:907) ~[spring-beans-6.1.4.jar!/:6.1.4]
	at org.springframework.beans.factory.support.ConstructorResolver.createArgumentArray(ConstructorResolver.java:785) ~[spring-beans-6.1.4.jar!/:6.1.4]
	at org.springframework.beans.factory.support.ConstructorResolver.autowireConstructor(ConstructorResolver.java:237) ~[spring-beans-6.1.4.jar!/:6.1.4]
	at org.springframework.beans.factory.support.AbstractAutowireCapableBeanFactory.autowireConstructor(AbstractAutowireCapableBeanFactory.java:1355) ~[spring-beans-6.1.4.jar!/:6.1.4]
	at org.springframework.beans.factory.support.AbstractAutowireCapableBeanFactory.createBeanInstance(AbstractAutowireCapableBeanFactory.java:1192) ~[spring-beans-6.1.4.jar!/:6.1.4]
	at org.springframework.beans.factory.support.AbstractAutowireCapableBeanFactory.doCreateBean(AbstractAutowireCapableBeanFactory.java:562) ~[spring-beans-6.1.4.jar!/:6.1.4]
	at org.springframework.beans.factory.support.AbstractAutowireCapableBeanFactory.createBean(AbstractAutowireCapableBeanFactory.java:522) ~[spring-beans-6.1.4.jar!/:6.1.4]
	... 35 common frames omitted

2025-04-12T20:54:56.823+03:00  INFO 16273 --- [dealsTGBot] [main] c.e.dealsTGBot.DealsTGBotApplication     : Starting DealsTGBotApplication v0.0.1-SNAPSHOT using Java 17.0.13 with PID 16273 (/Users/vigo/Documents/sandbox/dealsTGBot/target/dealsTGBot-0.0.1-SNAPSHOT.jar started by vigo in /Users/vigo/Documents/sandbox/dealsTGBot)
2025-04-12T20:54:56.825+03:00  INFO 16273 --- [dealsTGBot] [main] c.e.dealsTGBot.DealsTGBotApplication     : No active profile set, falling back to 1 default profile: "default"
2025-04-12T20:54:57.358+03:00  INFO 16273 --- [dealsTGBot] [main] o.s.b.w.embedded.tomcat.TomcatWebServer  : Tomcat initialized with port 8080 (http)
2025-04-12T20:54:57.363+03:00  INFO 16273 --- [dealsTGBot] [main] o.apache.catalina.core.StandardService   : Starting service [Tomcat]
2025-04-12T20:54:57.363+03:00  INFO 16273 --- [dealsTGBot] [main] o.apache.catalina.core.StandardEngine    : Starting Servlet engine: [Apache Tomcat/10.1.19]
2025-04-12T20:54:57.383+03:00  INFO 16273 --- [dealsTGBot] [main] o.a.c.c.C.[Tomcat].[localhost].[/]       : Initializing Spring embedded WebApplicationContext
2025-04-12T20:54:57.384+03:00  INFO 16273 --- [dealsTGBot] [main] w.s.c.ServletWebServerApplicationContext : Root WebApplicationContext: initialization completed in 504 ms
2025-04-12T20:54:57.430+03:00  WARN 16273 --- [dealsTGBot] [main] ConfigServletWebServerApplicationContext : Exception encountered during context initialization - cancelling refresh attempt: org.springframework.beans.factory.UnsatisfiedDependencyException: Error creating bean with name 'dealsTGBotApplication': Unsatisfied dependency expressed through constructor parameter 0: Error creating bean with name 'betBot' defined in URL [jar:nested:/Users/vigo/Documents/sandbox/dealsTGBot/target/dealsTGBot-0.0.1-SNAPSHOT.jar/!BOOT-INF/classes/!/com/example/dealsTGBot/bot/BetBot.class]: Unexpected exception during bean creation
2025-04-12T20:54:57.432+03:00  INFO 16273 --- [dealsTGBot] [main] o.apache.catalina.core.StandardService   : Stopping service [Tomcat]
2025-04-12T20:54:57.438+03:00  INFO 16273 --- [dealsTGBot] [main] .s.b.a.l.ConditionEvaluationReportLogger : 

Error starting ApplicationContext. To display the condition evaluation report re-run your application with 'debug' enabled.
2025-04-12T20:54:57.451+03:00 ERROR 16273 --- [dealsTGBot] [main] o.s.boot.SpringApplication               : Application run failed

org.springframework.beans.factory.UnsatisfiedDependencyException: Error creating bean with name 'dealsTGBotApplication': Unsatisfied dependency expressed through constructor parameter 0: Error creating bean with name 'betBot' defined in URL [jar:nested:/Users/vigo/Documents/sandbox/dealsTGBot/target/dealsTGBot-0.0.1-SNAPSHOT.jar/!BOOT-INF/classes/!/com/example/dealsTGBot/bot/BetBot.class]: Unexpected exception during bean creation
	at org.springframework.beans.factory.support.ConstructorResolver.createArgumentArray(ConstructorResolver.java:798) ~[spring-beans-6.1.4.jar!/:6.1.4]
	at org.springframework.beans.factory.support.ConstructorResolver.autowireConstructor(ConstructorResolver.java:237) ~[spring-beans-6.1.4.jar!/:6.1.4]
	at org.springframework.beans.factory.support.AbstractAutowireCapableBeanFactory.autowireConstructor(AbstractAutowireCapableBeanFactory.java:1355) ~[spring-beans-6.1.4.jar!/:6.1.4]
	at org.springframework.beans.factory.support.AbstractAutowireCapableBeanFactory.createBeanInstance(AbstractAutowireCapableBeanFactory.java:1192) ~[spring-beans-6.1.4.jar!/:6.1.4]
	at org.springframework.beans.factory.support.AbstractAutowireCapableBeanFactory.doCreateBean(AbstractAutowireCapableBeanFactory.java:562) ~[spring-beans-6.1.4.jar!/:6.1.4]
	at org.springframework.beans.factory.support.AbstractAutowireCapableBeanFactory.createBean(AbstractAutowireCapableBeanFactory.java:522) ~[spring-beans-6.1.4.jar!/:6.1.4]
	at org.springframework.beans.factory.support.AbstractBeanFactory.lambda$doGetBean$0(AbstractBeanFactory.java:325) ~[spring-beans-6.1.4.jar!/:6.1.4]
	at org.springframework.beans.factory.support.DefaultSingletonBeanRegistry.getSingleton(DefaultSingletonBeanRegistry.java:234) ~[spring-beans-6.1.4.jar!/:6.1.4]
	at org.springframework.beans.factory.support.AbstractBeanFactory.doGetBean(AbstractBeanFactory.java:323) ~[spring-beans-6.1.4.jar!/:6.1.4]
	at org.springframework.beans.factory.support.AbstractBeanFactory.getBean(AbstractBeanFactory.java:199) ~[spring-beans-6.1.4.jar!/:6.1.4]
	at org.springframework.beans.factory.support.DefaultListableBeanFactory.preInstantiateSingletons(DefaultListableBeanFactory.java:975) ~[spring-beans-6.1.4.jar!/:6.1.4]
	at org.springframework.context.support.AbstractApplicationContext.finishBeanFactoryInitialization(AbstractApplicationContext.java:959) ~[spring-context-6.1.4.jar!/:6.1.4]
	at org.springframework.context.support.AbstractApplicationContext.refresh(AbstractApplicationContext.java:624) ~[spring-context-6.1.4.jar!/:6.1.4]
	at org.springframework.boot.web.servlet.context.ServletWebServerApplicationContext.refresh(ServletWebServerApplicationContext.java:146) ~[spring-boot-3.2.3.jar!/:3.2.3]
	at org.springframework.boot.SpringApplication.refresh(SpringApplication.java:754) ~[spring-boot-3.2.3.jar!/:3.2.3]
	at org.springframework.boot.SpringApplication.refreshContext(SpringApplication.java:456) ~[spring-boot-3.2.3.jar!/:3.2.3]
	at org.springframework.boot.SpringApplication.run(SpringApplication.java:334) ~[spring-boot-3.2.3.jar!/:3.2.3]
	at org.springframework.boot.SpringApplication.run(SpringApplication.java:1354) ~[spring-boot-3.2.3.jar!/:3.2.3]
	at org.springframework.boot.SpringApplication.run(SpringApplication.java:1343) ~[spring-boot-3.2.3.jar!/:3.2.3]
	at com.example.dealsTGBot.DealsTGBotApplication.main(DealsTGBotApplication.java:23) ~[!/:0.0.1-SNAPSHOT]
	at java.base/jdk.internal.reflect.NativeMethodAccessorImpl.invoke0(Native Method) ~[na:na]
	at java.base/jdk.internal.reflect.NativeMethodAccessorImpl.invoke(NativeMethodAccessorImpl.java:77) ~[na:na]
	at java.base/jdk.internal.reflect.DelegatingMethodAccessorImpl.invoke(DelegatingMethodAccessorImpl.java:43) ~[na:na]
	at java.base/java.lang.reflect.Method.invoke(Method.java:569) ~[na:na]
	at org.springframework.boot.loader.launch.Launcher.launch(Launcher.java:91) ~[dealsTGBot-0.0.1-SNAPSHOT.jar:0.0.1-SNAPSHOT]
	at org.springframework.boot.loader.launch.Launcher.launch(Launcher.java:53) ~[dealsTGBot-0.0.1-SNAPSHOT.jar:0.0.1-SNAPSHOT]
	at org.springframework.boot.loader.launch.JarLauncher.main(JarLauncher.java:58) ~[dealsTGBot-0.0.1-SNAPSHOT.jar:0.0.1-SNAPSHOT]
Caused by: org.springframework.beans.factory.BeanCreationException: Error creating bean with name 'betBot' defined in URL [jar:nested:/Users/vigo/Documents/sandbox/dealsTGBot/target/dealsTGBot-0.0.1-SNAPSHOT.jar/!BOOT-INF/classes/!/com/example/dealsTGBot/bot/BetBot.class]: Unexpected exception during bean creation
	at org.springframework.beans.factory.support.AbstractAutowireCapableBeanFactory.createBean(AbstractAutowireCapableBeanFactory.java:535) ~[spring-beans-6.1.4.jar!/:6.1.4]
	at org.springframework.beans.factory.support.AbstractBeanFactory.lambda$doGetBean$0(AbstractBeanFactory.java:325) ~[spring-beans-6.1.4.jar!/:6.1.4]
	at org.springframework.beans.factory.support.DefaultSingletonBeanRegistry.getSingleton(DefaultSingletonBeanRegistry.java:234) ~[spring-beans-6.1.4.jar!/:6.1.4]
	at org.springframework.beans.factory.support.AbstractBeanFactory.doGetBean(AbstractBeanFactory.java:323) ~[spring-beans-6.1.4.jar!/:6.1.4]
	at org.springframework.beans.factory.support.AbstractBeanFactory.getBean(AbstractBeanFactory.java:199) ~[spring-beans-6.1.4.jar!/:6.1.4]
	at org.springframework.beans.factory.config.DependencyDescriptor.resolveCandidate(DependencyDescriptor.java:254) ~[spring-beans-6.1.4.jar!/:6.1.4]
	at org.springframework.beans.factory.support.DefaultListableBeanFactory.doResolveDependency(DefaultListableBeanFactory.java:1443) ~[spring-beans-6.1.4.jar!/:6.1.4]
	at org.springframework.beans.factory.support.DefaultListableBeanFactory.resolveDependency(DefaultListableBeanFactory.java:1353) ~[spring-beans-6.1.4.jar!/:6.1.4]
	at org.springframework.beans.factory.support.ConstructorResolver.resolveAutowiredArgument(ConstructorResolver.java:907) ~[spring-beans-6.1.4.jar!/:6.1.4]
	at org.springframework.beans.factory.support.ConstructorResolver.createArgumentArray(ConstructorResolver.java:785) ~[spring-beans-6.1.4.jar!/:6.1.4]
	... 26 common frames omitted
Caused by: java.lang.IllegalArgumentException: Could not resolve placeholder 'BOT_USERNAME' in value "${BOT_USERNAME}"
	at org.springframework.util.PropertyPlaceholderHelper.parseStringValue(PropertyPlaceholderHelper.java:180) ~[spring-core-6.1.4.jar!/:6.1.4]
	at org.springframework.util.PropertyPlaceholderHelper.replacePlaceholders(PropertyPlaceholderHelper.java:126) ~[spring-core-6.1.4.jar!/:6.1.4]
	at org.springframework.core.env.AbstractPropertyResolver.doResolvePlaceholders(AbstractPropertyResolver.java:239) ~[spring-core-6.1.4.jar!/:6.1.4]
	at org.springframework.core.env.AbstractPropertyResolver.resolveRequiredPlaceholders(AbstractPropertyResolver.java:210) ~[spring-core-6.1.4.jar!/:6.1.4]
	at org.springframework.core.env.AbstractPropertyResolver.resolveNestedPlaceholders(AbstractPropertyResolver.java:230) ~[spring-core-6.1.4.jar!/:6.1.4]
	at org.springframework.boot.context.properties.source.ConfigurationPropertySourcesPropertyResolver.getProperty(ConfigurationPropertySourcesPropertyResolver.java:80) ~[spring-boot-3.2.3.jar!/:3.2.3]
	at org.springframework.boot.context.properties.source.ConfigurationPropertySourcesPropertyResolver.getProperty(ConfigurationPropertySourcesPropertyResolver.java:61) ~[spring-boot-3.2.3.jar!/:3.2.3]
	at org.springframework.core.env.AbstractEnvironment.getProperty(AbstractEnvironment.java:552) ~[spring-core-6.1.4.jar!/:6.1.4]
	at org.springframework.context.support.PropertySourcesPlaceholderConfigurer$1.getProperty(PropertySourcesPlaceholderConfigurer.java:153) ~[spring-context-6.1.4.jar!/:6.1.4]
	at org.springframework.context.support.PropertySourcesPlaceholderConfigurer$1.getProperty(PropertySourcesPlaceholderConfigurer.java:149) ~[spring-context-6.1.4.jar!/:6.1.4]
	at org.springframework.core.env.PropertySourcesPropertyResolver.getProperty(PropertySourcesPropertyResolver.java:85) ~[spring-core-6.1.4.jar!/:6.1.4]
	at org.springframework.core.env.PropertySourcesPropertyResolver.getPropertyAsRawString(PropertySourcesPropertyResolver.java:74) ~[spring-core-6.1.4.jar!/:6.1.4]
	at org.springframework.util.PropertyPlaceholderHelper.parseStringValue(PropertyPlaceholderHelper.java:153) ~[spring-core-6.1.4.jar!/:6.1.4]
	at org.springframework.util.PropertyPlaceholderHelper.replacePlaceholders(PropertyPlaceholderHelper.java:126) ~[spring-core-6.1.4.jar!/:6.1.4]
	at org.springframework.core.env.AbstractPropertyResolver.doResolvePlaceholders(AbstractPropertyResolver.java:239) ~[spring-core-6.1.4.jar!/:6.1.4]
	at org.springframework.core.env.AbstractPropertyResolver.resolveRequiredPlaceholders(AbstractPropertyResolver.java:210) ~[spring-core-6.1.4.jar!/:6.1.4]
	at org.springframework.context.support.PropertySourcesPlaceholderConfigurer.lambda$processProperties$0(PropertySourcesPlaceholderConfigurer.java:200) ~[spring-context-6.1.4.jar!/:6.1.4]
	at org.springframework.beans.factory.support.AbstractBeanFactory.resolveEmbeddedValue(AbstractBeanFactory.java:921) ~[spring-beans-6.1.4.jar!/:6.1.4]
	at org.springframework.beans.factory.support.DefaultListableBeanFactory.doResolveDependency(DefaultListableBeanFactory.java:1374) ~[spring-beans-6.1.4.jar!/:6.1.4]
	at org.springframework.beans.factory.support.DefaultListableBeanFactory.resolveDependency(DefaultListableBeanFactory.java:1353) ~[spring-beans-6.1.4.jar!/:6.1.4]
	at org.springframework.beans.factory.support.ConstructorResolver.resolveAutowiredArgument(ConstructorResolver.java:907) ~[spring-beans-6.1.4.jar!/:6.1.4]
	at org.springframework.beans.factory.support.ConstructorResolver.createArgumentArray(ConstructorResolver.java:785) ~[spring-beans-6.1.4.jar!/:6.1.4]
	at org.springframework.beans.factory.support.ConstructorResolver.autowireConstructor(ConstructorResolver.java:237) ~[spring-beans-6.1.4.jar!/:6.1.4]
	at org.springframework.beans.factory.support.AbstractAutowireCapableBeanFactory.autowireConstructor(AbstractAutowireCapableBeanFactory.java:1355) ~[spring-beans-6.1.4.jar!/:6.1.4]
	at org.springframework.beans.factory.support.AbstractAutowireCapableBeanFactory.createBeanInstance(AbstractAutowireCapableBeanFactory.java:1192) ~[spring-beans-6.1.4.jar!/:6.1.4]
	at org.springframework.beans.factory.support.AbstractAutowireCapableBeanFactory.doCreateBean(AbstractAutowireCapableBeanFactory.java:562) ~[spring-beans-6.1.4.jar!/:6.1.4]
	at org.springframework.beans.factory.support.AbstractAutowireCapableBeanFactory.createBean(AbstractAutowireCapableBeanFactory.java:522) ~[spring-beans-6.1.4.jar!/:6.1.4]
	... 35 common frames omitted

2025-04-12T20:57:23.893+03:00  INFO 16978 --- [dealsTGBot] [main] c.e.dealsTGBot.DealsTGBotApplication     : Starting DealsTGBotApplication v0.0.1-SNAPSHOT using Java 17.0.13 with PID 16978 (/Users/vigo/Documents/sandbox/dealsTGBot/target/dealsTGBot-0.0.1-SNAPSHOT.jar started by vigo in /Users/vigo/Documents/sandbox/dealsTGBot)
2025-04-12T20:57:23.897+03:00  INFO 16978 --- [dealsTGBot] [main] c.e.dealsTGBot.DealsTGBotApplication     : No active profile set, falling back to 1 default profile: "default"
2025-04-12T20:57:24.411+03:00  INFO 16978 --- [dealsTGBot] [main] o.s.b.w.embedded.tomcat.TomcatWebServer  : Tomcat initialized with port 8080 (http)
2025-04-12T20:57:24.416+03:00  INFO 16978 --- [dealsTGBot] [main] o.apache.catalina.core.StandardService   : Starting service [Tomcat]
2025-04-12T20:57:24.416+03:00  INFO 16978 --- [dealsTGBot] [main] o.apache.catalina.core.StandardEngine    : Starting Servlet engine: [Apache Tomcat/10.1.19]
2025-04-12T20:57:24.436+03:00  INFO 16978 --- [dealsTGBot] [main] o.a.c.c.C.[Tomcat].[localhost].[/]       : Initializing Spring embedded WebApplicationContext
2025-04-12T20:57:24.436+03:00  INFO 16978 --- [dealsTGBot] [main] w.s.c.ServletWebServerApplicationContext : Root WebApplicationContext: initialization completed in 483 ms
2025-04-12T20:57:24.583+03:00  INFO 16978 --- [dealsTGBot] [main] f.a.AutowiredAnnotationBeanPostProcessor : Autowired annotation should only be used on methods with parameters: public void com.example.dealsTGBot.DealsTGBotApplication.init() throws org.telegram.telegrambots.meta.exceptions.TelegramApiException
2025-04-12T20:57:38.108+03:00  INFO 16978 --- [dealsTGBot] [main] o.s.b.w.embedded.tomcat.TomcatWebServer  : Tomcat started on port 8080 (http) with context path ''
2025-04-12T20:57:38.125+03:00  INFO 16978 --- [dealsTGBot] [main] c.e.dealsTGBot.DealsTGBotApplication     : Started DealsTGBotApplication in 14.559 seconds (process running for 14.821)
2025-04-12T21:53:37.767+03:00  INFO 16978 --- [dealsTGBot] [dealpic2_bot Telegram Connection] o.t.t.u.DefaultBotSession                : Read timed out

java.net.SocketTimeoutException: Read timed out
	at java.base/sun.nio.ch.NioSocketImpl.timedRead(NioSocketImpl.java:288) ~[na:na]
	at java.base/sun.nio.ch.NioSocketImpl.implRead(NioSocketImpl.java:314) ~[na:na]
	at java.base/sun.nio.ch.NioSocketImpl.read(NioSocketImpl.java:355) ~[na:na]
	at java.base/sun.nio.ch.NioSocketImpl$1.read(NioSocketImpl.java:808) ~[na:na]
	at java.base/java.net.Socket$SocketInputStream.read(Socket.java:966) ~[na:na]
	at java.base/sun.security.ssl.SSLSocketInputRecord.read(SSLSocketInputRecord.java:484) ~[na:na]
	at java.base/sun.security.ssl.SSLSocketInputRecord.readHeader(SSLSocketInputRecord.java:478) ~[na:na]
	at java.base/sun.security.ssl.SSLSocketInputRecord.bytesInCompletePacket(SSLSocketInputRecord.java:70) ~[na:na]
	at java.base/sun.security.ssl.SSLSocketImpl.readApplicationRecord(SSLSocketImpl.java:1465) ~[na:na]
	at java.base/sun.security.ssl.SSLSocketImpl$AppInputStream.read(SSLSocketImpl.java:1069) ~[na:na]
	at org.apache.http.impl.io.SessionInputBufferImpl.streamRead(SessionInputBufferImpl.java:137) ~[httpcore-4.4.16.jar!/:4.4.16]
	at org.apache.http.impl.io.SessionInputBufferImpl.fillBuffer(SessionInputBufferImpl.java:153) ~[httpcore-4.4.16.jar!/:4.4.16]
	at org.apache.http.impl.io.SessionInputBufferImpl.readLine(SessionInputBufferImpl.java:280) ~[httpcore-4.4.16.jar!/:4.4.16]
	at org.apache.http.impl.conn.DefaultHttpResponseParser.parseHead(DefaultHttpResponseParser.java:138) ~[httpclient-4.5.14.jar!/:4.5.14]
	at org.apache.http.impl.conn.DefaultHttpResponseParser.parseHead(DefaultHttpResponseParser.java:56) ~[httpclient-4.5.14.jar!/:4.5.14]
	at org.apache.http.impl.io.AbstractMessageParser.parse(AbstractMessageParser.java:259) ~[httpcore-4.4.16.jar!/:4.4.16]
	at org.apache.http.impl.DefaultBHttpClientConnection.receiveResponseHeader(DefaultBHttpClientConnection.java:163) ~[httpcore-4.4.16.jar!/:4.4.16]
	at org.apache.http.impl.conn.CPoolProxy.receiveResponseHeader(CPoolProxy.java:157) ~[httpclient-4.5.14.jar!/:4.5.14]
	at org.apache.http.protocol.HttpRequestExecutor.doReceiveResponse(HttpRequestExecutor.java:273) ~[httpcore-4.4.16.jar!/:4.4.16]
	at org.apache.http.protocol.HttpRequestExecutor.execute(HttpRequestExecutor.java:125) ~[httpcore-4.4.16.jar!/:4.4.16]
	at org.apache.http.impl.execchain.MainClientExec.execute(MainClientExec.java:272) ~[httpclient-4.5.14.jar!/:4.5.14]
	at org.apache.http.impl.execchain.ProtocolExec.execute(ProtocolExec.java:186) ~[httpclient-4.5.14.jar!/:4.5.14]
	at org.apache.http.impl.execchain.RetryExec.execute(RetryExec.java:89) ~[httpclient-4.5.14.jar!/:4.5.14]
	at org.apache.http.impl.execchain.RedirectExec.execute(RedirectExec.java:110) ~[httpclient-4.5.14.jar!/:4.5.14]
	at org.apache.http.impl.client.InternalHttpClient.doExecute(InternalHttpClient.java:185) ~[httpclient-4.5.14.jar!/:4.5.14]
	at org.apache.http.impl.client.CloseableHttpClient.execute(CloseableHttpClient.java:83) ~[httpclient-4.5.14.jar!/:4.5.14]
	at org.telegram.telegrambots.updatesreceivers.DefaultBotSession$ReaderThread.getUpdatesFromServer(DefaultBotSession.java:249) ~[telegrambots-6.9.7.1.jar!/:na]
	at org.telegram.telegrambots.updatesreceivers.DefaultBotSession$ReaderThread.run(DefaultBotSession.java:188) ~[telegrambots-6.9.7.1.jar!/:na]

2025-04-12T23:21:48.941+03:00  INFO 16978 --- [dealsTGBot] [dealpic2_bot Telegram Connection] o.t.t.u.DefaultBotSession                : Read timed out

java.net.SocketTimeoutException: Read timed out
	at java.base/sun.nio.ch.NioSocketImpl.timedRead(NioSocketImpl.java:288) ~[na:na]
	at java.base/sun.nio.ch.NioSocketImpl.implRead(NioSocketImpl.java:314) ~[na:na]
	at java.base/sun.nio.ch.NioSocketImpl.read(NioSocketImpl.java:355) ~[na:na]
	at java.base/sun.nio.ch.NioSocketImpl$1.read(NioSocketImpl.java:808) ~[na:na]
	at java.base/java.net.Socket$SocketInputStream.read(Socket.java:966) ~[na:na]
	at java.base/sun.security.ssl.SSLSocketInputRecord.read(SSLSocketInputRecord.java:484) ~[na:na]
	at java.base/sun.security.ssl.SSLSocketInputRecord.readHeader(SSLSocketInputRecord.java:478) ~[na:na]
	at java.base/sun.security.ssl.SSLSocketInputRecord.bytesInCompletePacket(SSLSocketInputRecord.java:70) ~[na:na]
	at java.base/sun.security.ssl.SSLSocketImpl.readApplicationRecord(SSLSocketImpl.java:1465) ~[na:na]
	at java.base/sun.security.ssl.SSLSocketImpl$AppInputStream.read(SSLSocketImpl.java:1069) ~[na:na]
	at org.apache.http.impl.io.SessionInputBufferImpl.streamRead(SessionInputBufferImpl.java:137) ~[httpcore-4.4.16.jar!/:4.4.16]
	at org.apache.http.impl.io.SessionInputBufferImpl.fillBuffer(SessionInputBufferImpl.java:153) ~[httpcore-4.4.16.jar!/:4.4.16]
	at org.apache.http.impl.io.SessionInputBufferImpl.readLine(SessionInputBufferImpl.java:280) ~[httpcore-4.4.16.jar!/:4.4.16]
	at org.apache.http.impl.conn.DefaultHttpResponseParser.parseHead(DefaultHttpResponseParser.java:138) ~[httpclient-4.5.14.jar!/:4.5.14]
	at org.apache.http.impl.conn.DefaultHttpResponseParser.parseHead(DefaultHttpResponseParser.java:56) ~[httpclient-4.5.14.jar!/:4.5.14]
	at org.apache.http.impl.io.AbstractMessageParser.parse(AbstractMessageParser.java:259) ~[httpcore-4.4.16.jar!/:4.4.16]
	at org.apache.http.impl.DefaultBHttpClientConnection.receiveResponseHeader(DefaultBHttpClientConnection.java:163) ~[httpcore-4.4.16.jar!/:4.4.16]
	at org.apache.http.impl.conn.CPoolProxy.receiveResponseHeader(CPoolProxy.java:157) ~[httpclient-4.5.14.jar!/:4.5.14]
	at org.apache.http.protocol.HttpRequestExecutor.doReceiveResponse(HttpRequestExecutor.java:273) ~[httpcore-4.4.16.jar!/:4.4.16]
	at org.apache.http.protocol.HttpRequestExecutor.execute(HttpRequestExecutor.java:125) ~[httpcore-4.4.16.jar!/:4.4.16]
	at org.apache.http.impl.execchain.MainClientExec.execute(MainClientExec.java:272) ~[httpclient-4.5.14.jar!/:4.5.14]
	at org.apache.http.impl.execchain.ProtocolExec.execute(ProtocolExec.java:186) ~[httpclient-4.5.14.jar!/:4.5.14]
	at org.apache.http.impl.execchain.RetryExec.execute(RetryExec.java:89) ~[httpclient-4.5.14.jar!/:4.5.14]
	at org.apache.http.impl.execchain.RedirectExec.execute(RedirectExec.java:110) ~[httpclient-4.5.14.jar!/:4.5.14]
	at org.apache.http.impl.client.InternalHttpClient.doExecute(InternalHttpClient.java:185) ~[httpclient-4.5.14.jar!/:4.5.14]
	at org.apache.http.impl.client.CloseableHttpClient.execute(CloseableHttpClient.java:83) ~[httpclient-4.5.14.jar!/:4.5.14]
	at org.telegram.telegrambots.updatesreceivers.DefaultBotSession$ReaderThread.getUpdatesFromServer(DefaultBotSession.java:249) ~[telegrambots-6.9.7.1.jar!/:na]
	at org.telegram.telegrambots.updatesreceivers.DefaultBotSession$ReaderThread.run(DefaultBotSession.java:188) ~[telegrambots-6.9.7.1.jar!/:na]

2025-04-12T23:34:39.023+03:00  INFO 22372 --- [dealsTGBot] [main] c.e.dealsTGBot.DealsTGBotApplication     : Starting DealsTGBotApplication v0.0.1-SNAPSHOT using Java 17.0.13 with PID 22372 (/Users/vigo/Documents/sandbox/dealsTGBot/target/dealsTGBot-0.0.1-SNAPSHOT.jar started by vigo in /Users/vigo/Documents/sandbox/dealsTGBot)
2025-04-12T23:34:39.027+03:00  INFO 22372 --- [dealsTGBot] [main] c.e.dealsTGBot.DealsTGBotApplication     : No active profile set, falling back to 1 default profile: "default"
2025-04-12T23:34:39.545+03:00  INFO 22372 --- [dealsTGBot] [main] o.s.b.w.embedded.tomcat.TomcatWebServer  : Tomcat initialized with port 8080 (http)
2025-04-12T23:34:39.552+03:00  INFO 22372 --- [dealsTGBot] [main] o.apache.catalina.core.StandardService   : Starting service [Tomcat]
2025-04-12T23:34:39.552+03:00  INFO 22372 --- [dealsTGBot] [main] o.apache.catalina.core.StandardEngine    : Starting Servlet engine: [Apache Tomcat/10.1.19]
2025-04-12T23:34:39.571+03:00  INFO 22372 --- [dealsTGBot] [main] o.a.c.c.C.[Tomcat].[localhost].[/]       : Initializing Spring embedded WebApplicationContext
2025-04-12T23:34:39.571+03:00  INFO 22372 --- [dealsTGBot] [main] w.s.c.ServletWebServerApplicationContext : Root WebApplicationContext: initialization completed in 494 ms
2025-04-12T23:34:39.720+03:00  INFO 22372 --- [dealsTGBot] [main] f.a.AutowiredAnnotationBeanPostProcessor : Autowired annotation should only be used on methods with parameters: public void com.example.dealsTGBot.DealsTGBotApplication.init() throws org.telegram.telegrambots.meta.exceptions.TelegramApiException
2025-04-12T23:34:40.554+03:00  INFO 22372 --- [dealsTGBot] [main] o.s.b.w.embedded.tomcat.TomcatWebServer  : Tomcat started on port 8080 (http) with context path ''
2025-04-12T23:34:40.567+03:00  INFO 22372 --- [dealsTGBot] [main] c.e.dealsTGBot.DealsTGBotApplication     : Started DealsTGBotApplication in 1.848 seconds (process running for 2.105)
2025-04-12T23:44:56.286+03:00  INFO 24263 --- [dealsTGBot] [main] c.e.dealsTGBot.DealsTGBotApplication     : Starting DealsTGBotApplication v0.0.1-SNAPSHOT using Java 17.0.13 with PID 24263 (/Users/vigo/Documents/sandbox/dealsTGBot/target/dealsTGBot-0.0.1-SNAPSHOT.jar started by vigo in /Users/vigo/Documents/sandbox/dealsTGBot)
2025-04-12T23:44:56.290+03:00  INFO 24263 --- [dealsTGBot] [main] c.e.dealsTGBot.DealsTGBotApplication     : No active profile set, falling back to 1 default profile: "default"
2025-04-12T23:44:56.861+03:00  INFO 24263 --- [dealsTGBot] [main] o.s.b.w.embedded.tomcat.TomcatWebServer  : Tomcat initialized with port 8080 (http)
2025-04-12T23:44:56.867+03:00  INFO 24263 --- [dealsTGBot] [main] o.apache.catalina.core.StandardService   : Starting service [Tomcat]
2025-04-12T23:44:56.867+03:00  INFO 24263 --- [dealsTGBot] [main] o.apache.catalina.core.StandardEngine    : Starting Servlet engine: [Apache Tomcat/10.1.19]
2025-04-12T23:44:56.889+03:00  INFO 24263 --- [dealsTGBot] [main] o.a.c.c.C.[Tomcat].[localhost].[/]       : Initializing Spring embedded WebApplicationContext
2025-04-12T23:44:56.889+03:00  INFO 24263 --- [dealsTGBot] [main] w.s.c.ServletWebServerApplicationContext : Root WebApplicationContext: initialization completed in 548 ms
2025-04-12T23:44:57.045+03:00  INFO 24263 --- [dealsTGBot] [main] f.a.AutowiredAnnotationBeanPostProcessor : Autowired annotation should only be used on methods with parameters: public void com.example.dealsTGBot.DealsTGBotApplication.init() throws org.telegram.telegrambots.meta.exceptions.TelegramApiException
2025-04-12T23:45:27.096+03:00  WARN 24263 --- [dealsTGBot] [main] ConfigServletWebServerApplicationContext : Exception encountered during context initialization - cancelling refresh attempt: org.springframework.beans.factory.BeanCreationException: Error creating bean with name 'dealsTGBotApplication': Injection of autowired dependencies failed
2025-04-12T23:45:27.102+03:00  INFO 24263 --- [dealsTGBot] [main] o.apache.catalina.core.StandardService   : Stopping service [Tomcat]
2025-04-12T23:45:27.118+03:00  INFO 24263 --- [dealsTGBot] [main] .s.b.a.l.ConditionEvaluationReportLogger : 

Error starting ApplicationContext. To display the condition evaluation report re-run your application with 'debug' enabled.
2025-04-12T23:45:27.135+03:00 ERROR 24263 --- [dealsTGBot] [main] o.s.boot.SpringApplication               : Application run failed

org.springframework.beans.factory.BeanCreationException: Error creating bean with name 'dealsTGBotApplication': Injection of autowired dependencies failed
	at org.springframework.beans.factory.annotation.AutowiredAnnotationBeanPostProcessor.postProcessProperties(AutowiredAnnotationBeanPostProcessor.java:514) ~[spring-beans-6.1.4.jar!/:6.1.4]
	at org.springframework.beans.factory.support.AbstractAutowireCapableBeanFactory.populateBean(AbstractAutowireCapableBeanFactory.java:1419) ~[spring-beans-6.1.4.jar!/:6.1.4]
	at org.springframework.beans.factory.support.AbstractAutowireCapableBeanFactory.doCreateBean(AbstractAutowireCapableBeanFactory.java:599) ~[spring-beans-6.1.4.jar!/:6.1.4]
	at org.springframework.beans.factory.support.AbstractAutowireCapableBeanFactory.createBean(AbstractAutowireCapableBeanFactory.java:522) ~[spring-beans-6.1.4.jar!/:6.1.4]
	at org.springframework.beans.factory.support.AbstractBeanFactory.lambda$doGetBean$0(AbstractBeanFactory.java:325) ~[spring-beans-6.1.4.jar!/:6.1.4]
	at org.springframework.beans.factory.support.DefaultSingletonBeanRegistry.getSingleton(DefaultSingletonBeanRegistry.java:234) ~[spring-beans-6.1.4.jar!/:6.1.4]
	at org.springframework.beans.factory.support.AbstractBeanFactory.doGetBean(AbstractBeanFactory.java:323) ~[spring-beans-6.1.4.jar!/:6.1.4]
	at org.springframework.beans.factory.support.AbstractBeanFactory.getBean(AbstractBeanFactory.java:199) ~[spring-beans-6.1.4.jar!/:6.1.4]
	at org.springframework.beans.factory.support.DefaultListableBeanFactory.preInstantiateSingletons(DefaultListableBeanFactory.java:975) ~[spring-beans-6.1.4.jar!/:6.1.4]
	at org.springframework.context.support.AbstractApplicationContext.finishBeanFactoryInitialization(AbstractApplicationContext.java:959) ~[spring-context-6.1.4.jar!/:6.1.4]
	at org.springframework.context.support.AbstractApplicationContext.refresh(AbstractApplicationContext.java:624) ~[spring-context-6.1.4.jar!/:6.1.4]
	at org.springframework.boot.web.servlet.context.ServletWebServerApplicationContext.refresh(ServletWebServerApplicationContext.java:146) ~[spring-boot-3.2.3.jar!/:3.2.3]
	at org.springframework.boot.SpringApplication.refresh(SpringApplication.java:754) ~[spring-boot-3.2.3.jar!/:3.2.3]
	at org.springframework.boot.SpringApplication.refreshContext(SpringApplication.java:456) ~[spring-boot-3.2.3.jar!/:3.2.3]
	at org.springframework.boot.SpringApplication.run(SpringApplication.java:334) ~[spring-boot-3.2.3.jar!/:3.2.3]
	at org.springframework.boot.SpringApplication.run(SpringApplication.java:1354) ~[spring-boot-3.2.3.jar!/:3.2.3]
	at org.springframework.boot.SpringApplication.run(SpringApplication.java:1343) ~[spring-boot-3.2.3.jar!/:3.2.3]
	at com.example.dealsTGBot.DealsTGBotApplication.main(DealsTGBotApplication.java:23) ~[!/:0.0.1-SNAPSHOT]
	at java.base/jdk.internal.reflect.NativeMethodAccessorImpl.invoke0(Native Method) ~[na:na]
	at java.base/jdk.internal.reflect.NativeMethodAccessorImpl.invoke(NativeMethodAccessorImpl.java:77) ~[na:na]
	at java.base/jdk.internal.reflect.DelegatingMethodAccessorImpl.invoke(DelegatingMethodAccessorImpl.java:43) ~[na:na]
	at java.base/java.lang.reflect.Method.invoke(Method.java:569) ~[na:na]
	at org.springframework.boot.loader.launch.Launcher.launch(Launcher.java:91) ~[dealsTGBot-0.0.1-SNAPSHOT.jar:0.0.1-SNAPSHOT]
	at org.springframework.boot.loader.launch.Launcher.launch(Launcher.java:53) ~[dealsTGBot-0.0.1-SNAPSHOT.jar:0.0.1-SNAPSHOT]
	at org.springframework.boot.loader.launch.JarLauncher.main(JarLauncher.java:58) ~[dealsTGBot-0.0.1-SNAPSHOT.jar:0.0.1-SNAPSHOT]
Caused by: org.telegram.telegrambots.meta.exceptions.TelegramApiRequestException: Error removing old webhook
	at org.telegram.telegrambots.util.WebhookUtils.clearWebhook(WebhookUtils.java:113) ~[telegrambots-6.9.7.1.jar!/:na]
	at org.telegram.telegrambots.bots.TelegramLongPollingBot.clearWebhook(TelegramLongPollingBot.java:41) ~[telegrambots-6.9.7.1.jar!/:na]
	at org.telegram.telegrambots.meta.TelegramBotsApi.registerBot(TelegramBotsApi.java:65) ~[telegrambots-meta-6.9.7.1.jar!/:na]
	at com.example.dealsTGBot.DealsTGBotApplication.init(DealsTGBotApplication.java:28) ~[!/:0.0.1-SNAPSHOT]
	at java.base/jdk.internal.reflect.NativeMethodAccessorImpl.invoke0(Native Method) ~[na:na]
	at java.base/jdk.internal.reflect.NativeMethodAccessorImpl.invoke(NativeMethodAccessorImpl.java:77) ~[na:na]
	at java.base/jdk.internal.reflect.DelegatingMethodAccessorImpl.invoke(DelegatingMethodAccessorImpl.java:43) ~[na:na]
	at java.base/java.lang.reflect.Method.invoke(Method.java:569) ~[na:na]
	at org.springframework.beans.factory.annotation.AutowiredAnnotationBeanPostProcessor$AutowiredMethodElement.inject(AutowiredAnnotationBeanPostProcessor.java:853) ~[spring-beans-6.1.4.jar!/:6.1.4]
	at org.springframework.beans.factory.annotation.InjectionMetadata.inject(InjectionMetadata.java:145) ~[spring-beans-6.1.4.jar!/:6.1.4]
	at org.springframework.beans.factory.annotation.AutowiredAnnotationBeanPostProcessor.postProcessProperties(AutowiredAnnotationBeanPostProcessor.java:508) ~[spring-beans-6.1.4.jar!/:6.1.4]
	... 24 common frames omitted
Caused by: org.telegram.telegrambots.meta.exceptions.TelegramApiException: Unable to execute deleteWebhook method
	at org.telegram.telegrambots.bots.DefaultAbsSender.sendApiMethod(DefaultAbsSender.java:1184) ~[telegrambots-6.9.7.1.jar!/:na]
	at org.telegram.telegrambots.meta.bots.AbsSender.execute(AbsSender.java:61) ~[telegrambots-meta-6.9.7.1.jar!/:na]
	at org.telegram.telegrambots.util.WebhookUtils.clearWebhook(WebhookUtils.java:108) ~[telegrambots-6.9.7.1.jar!/:na]
	... 34 common frames omitted
Caused by: java.net.UnknownHostException: api.telegram.org: nodename nor servname provided, or not known
	at java.base/java.net.Inet6AddressImpl.lookupAllHostAddr(Native Method) ~[na:na]
	at java.base/java.net.InetAddress$PlatformNameService.lookupAllHostAddr(InetAddress.java:934) ~[na:na]
	at java.base/java.net.InetAddress.getAddressesFromNameService(InetAddress.java:1543) ~[na:na]
	at java.base/java.net.InetAddress$NameServiceAddresses.get(InetAddress.java:852) ~[na:na]
	at java.base/java.net.InetAddress.getAllByName0(InetAddress.java:1533) ~[na:na]
	at java.base/java.net.InetAddress.getAllByName(InetAddress.java:1385) ~[na:na]
	at java.base/java.net.InetAddress.getAllByName(InetAddress.java:1306) ~[na:na]
	at org.apache.http.impl.conn.SystemDefaultDnsResolver.resolve(SystemDefaultDnsResolver.java:45) ~[httpclient-4.5.14.jar!/:4.5.14]
	at org.apache.http.impl.conn.DefaultHttpClientConnectionOperator.connect(DefaultHttpClientConnectionOperator.java:112) ~[httpclient-4.5.14.jar!/:4.5.14]
	at org.apache.http.impl.conn.PoolingHttpClientConnectionManager.connect(PoolingHttpClientConnectionManager.java:376) ~[httpclient-4.5.14.jar!/:4.5.14]
	at org.apache.http.impl.execchain.MainClientExec.establishRoute(MainClientExec.java:393) ~[httpclient-4.5.14.jar!/:4.5.14]
	at org.apache.http.impl.execchain.MainClientExec.execute(MainClientExec.java:236) ~[httpclient-4.5.14.jar!/:4.5.14]
	at org.apache.http.impl.execchain.ProtocolExec.execute(ProtocolExec.java:186) ~[httpclient-4.5.14.jar!/:4.5.14]
	at org.apache.http.impl.execchain.RetryExec.execute(RetryExec.java:89) ~[httpclient-4.5.14.jar!/:4.5.14]
	at org.apache.http.impl.execchain.RedirectExec.execute(RedirectExec.java:110) ~[httpclient-4.5.14.jar!/:4.5.14]
	at org.apache.http.impl.client.InternalHttpClient.doExecute(InternalHttpClient.java:185) ~[httpclient-4.5.14.jar!/:4.5.14]
	at org.apache.http.impl.client.CloseableHttpClient.execute(CloseableHttpClient.java:83) ~[httpclient-4.5.14.jar!/:4.5.14]
	at org.telegram.telegrambots.bots.DefaultAbsSender.sendHttpPostRequest(DefaultAbsSender.java:1216) ~[telegrambots-6.9.7.1.jar!/:na]
	at org.telegram.telegrambots.bots.DefaultAbsSender.sendMethodRequest(DefaultAbsSender.java:1212) ~[telegrambots-6.9.7.1.jar!/:na]
	at org.telegram.telegrambots.bots.DefaultAbsSender.sendApiMethod(DefaultAbsSender.java:1181) ~[telegrambots-6.9.7.1.jar!/:na]
	... 36 common frames omitted

2025-04-12T23:46:31.672+03:00  INFO 24814 --- [dealsTGBot] [main] c.e.dealsTGBot.DealsTGBotApplication     : Starting DealsTGBotApplication v0.0.1-SNAPSHOT using Java 17.0.13 with PID 24814 (/Users/vigo/Documents/sandbox/dealsTGBot/target/dealsTGBot-0.0.1-SNAPSHOT.jar started by vigo in /Users/vigo/Documents/sandbox/dealsTGBot)
2025-04-12T23:46:31.675+03:00  INFO 24814 --- [dealsTGBot] [main] c.e.dealsTGBot.DealsTGBotApplication     : No active profile set, falling back to 1 default profile: "default"
2025-04-12T23:46:32.202+03:00  INFO 24814 --- [dealsTGBot] [main] o.s.b.w.embedded.tomcat.TomcatWebServer  : Tomcat initialized with port 8080 (http)
2025-04-12T23:46:32.208+03:00  INFO 24814 --- [dealsTGBot] [main] o.apache.catalina.core.StandardService   : Starting service [Tomcat]
2025-04-12T23:46:32.208+03:00  INFO 24814 --- [dealsTGBot] [main] o.apache.catalina.core.StandardEngine    : Starting Servlet engine: [Apache Tomcat/10.1.19]
2025-04-12T23:46:32.228+03:00  INFO 24814 --- [dealsTGBot] [main] o.a.c.c.C.[Tomcat].[localhost].[/]       : Initializing Spring embedded WebApplicationContext
2025-04-12T23:46:32.229+03:00  INFO 24814 --- [dealsTGBot] [main] w.s.c.ServletWebServerApplicationContext : Root WebApplicationContext: initialization completed in 506 ms
2025-04-12T23:46:33.008+03:00  INFO 24814 --- [dealsTGBot] [main] o.s.b.w.embedded.tomcat.TomcatWebServer  : Tomcat started on port 8080 (http) with context path ''
2025-04-12T23:46:33.019+03:00  INFO 24814 --- [dealsTGBot] [main] c.e.dealsTGBot.DealsTGBotApplication     : Started DealsTGBotApplication in 1.642 seconds (process running for 1.891)
2025-04-12T23:52:52.999+03:00  INFO 27084 --- [dealsTGBot] [main] c.e.dealsTGBot.DealsTGBotApplication     : Starting DealsTGBotApplication v0.0.1-SNAPSHOT using Java 17.0.13 with PID 27084 (/Users/vigo/Documents/sandbox/dealsTGBot/target/dealsTGBot-0.0.1-SNAPSHOT.jar started by vigo in /Users/vigo/Documents/sandbox/dealsTGBot)
2025-04-12T23:52:53.003+03:00  INFO 27084 --- [dealsTGBot] [main] c.e.dealsTGBot.DealsTGBotApplication     : No active profile set, falling back to 1 default profile: "default"
2025-04-12T23:52:53.515+03:00  INFO 27084 --- [dealsTGBot] [main] o.s.b.w.embedded.tomcat.TomcatWebServer  : Tomcat initialized with port 8080 (http)
2025-04-12T23:52:53.521+03:00  INFO 27084 --- [dealsTGBot] [main] o.apache.catalina.core.StandardService   : Starting service [Tomcat]
2025-04-12T23:52:53.521+03:00  INFO 27084 --- [dealsTGBot] [main] o.apache.catalina.core.StandardEngine    : Starting Servlet engine: [Apache Tomcat/10.1.19]
2025-04-12T23:52:53.543+03:00  INFO 27084 --- [dealsTGBot] [main] o.a.c.c.C.[Tomcat].[localhost].[/]       : Initializing Spring embedded WebApplicationContext
2025-04-12T23:52:53.543+03:00  INFO 27084 --- [dealsTGBot] [main] w.s.c.ServletWebServerApplicationContext : Root WebApplicationContext: initialization completed in 493 ms
2025-04-12T23:52:54.258+03:00  INFO 27084 --- [dealsTGBot] [main] o.s.b.w.embedded.tomcat.TomcatWebServer  : Tomcat started on port 8080 (http) with context path ''
2025-04-12T23:52:54.271+03:00  INFO 27084 --- [dealsTGBot] [main] c.e.dealsTGBot.DealsTGBotApplication     : Started DealsTGBotApplication in 1.585 seconds (process running for 1.831)
2025-04-12T23:59:47.955+03:00  INFO 27084 --- [dealsTGBot] [dealpic2_bot Telegram Connection] o.t.t.u.DefaultBotSession                : Read timed out

java.net.SocketTimeoutException: Read timed out
	at java.base/sun.nio.ch.NioSocketImpl.timedRead(NioSocketImpl.java:288) ~[na:na]
	at java.base/sun.nio.ch.NioSocketImpl.implRead(NioSocketImpl.java:314) ~[na:na]
	at java.base/sun.nio.ch.NioSocketImpl.read(NioSocketImpl.java:355) ~[na:na]
	at java.base/sun.nio.ch.NioSocketImpl$1.read(NioSocketImpl.java:808) ~[na:na]
	at java.base/java.net.Socket$SocketInputStream.read(Socket.java:966) ~[na:na]
	at java.base/sun.security.ssl.SSLSocketInputRecord.read(SSLSocketInputRecord.java:484) ~[na:na]
	at java.base/sun.security.ssl.SSLSocketInputRecord.readHeader(SSLSocketInputRecord.java:478) ~[na:na]
	at java.base/sun.security.ssl.SSLSocketInputRecord.bytesInCompletePacket(SSLSocketInputRecord.java:70) ~[na:na]
	at java.base/sun.security.ssl.SSLSocketImpl.readApplicationRecord(SSLSocketImpl.java:1465) ~[na:na]
	at java.base/sun.security.ssl.SSLSocketImpl$AppInputStream.read(SSLSocketImpl.java:1069) ~[na:na]
	at org.apache.http.impl.io.SessionInputBufferImpl.streamRead(SessionInputBufferImpl.java:137) ~[httpcore-4.4.16.jar!/:4.4.16]
	at org.apache.http.impl.io.SessionInputBufferImpl.fillBuffer(SessionInputBufferImpl.java:153) ~[httpcore-4.4.16.jar!/:4.4.16]
	at org.apache.http.impl.io.SessionInputBufferImpl.readLine(SessionInputBufferImpl.java:280) ~[httpcore-4.4.16.jar!/:4.4.16]
	at org.apache.http.impl.conn.DefaultHttpResponseParser.parseHead(DefaultHttpResponseParser.java:138) ~[httpclient-4.5.14.jar!/:4.5.14]
	at org.apache.http.impl.conn.DefaultHttpResponseParser.parseHead(DefaultHttpResponseParser.java:56) ~[httpclient-4.5.14.jar!/:4.5.14]
	at org.apache.http.impl.io.AbstractMessageParser.parse(AbstractMessageParser.java:259) ~[httpcore-4.4.16.jar!/:4.4.16]
	at org.apache.http.impl.DefaultBHttpClientConnection.receiveResponseHeader(DefaultBHttpClientConnection.java:163) ~[httpcore-4.4.16.jar!/:4.4.16]
	at org.apache.http.impl.conn.CPoolProxy.receiveResponseHeader(CPoolProxy.java:157) ~[httpclient-4.5.14.jar!/:4.5.14]
	at org.apache.http.protocol.HttpRequestExecutor.doReceiveResponse(HttpRequestExecutor.java:273) ~[httpcore-4.4.16.jar!/:4.4.16]
	at org.apache.http.protocol.HttpRequestExecutor.execute(HttpRequestExecutor.java:125) ~[httpcore-4.4.16.jar!/:4.4.16]
	at org.apache.http.impl.execchain.MainClientExec.execute(MainClientExec.java:272) ~[httpclient-4.5.14.jar!/:4.5.14]
	at org.apache.http.impl.execchain.ProtocolExec.execute(ProtocolExec.java:186) ~[httpclient-4.5.14.jar!/:4.5.14]
	at org.apache.http.impl.execchain.RetryExec.execute(RetryExec.java:89) ~[httpclient-4.5.14.jar!/:4.5.14]
	at org.apache.http.impl.execchain.RedirectExec.execute(RedirectExec.java:110) ~[httpclient-4.5.14.jar!/:4.5.14]
	at org.apache.http.impl.client.InternalHttpClient.doExecute(InternalHttpClient.java:185) ~[httpclient-4.5.14.jar!/:4.5.14]
	at org.apache.http.impl.client.CloseableHttpClient.execute(CloseableHttpClient.java:83) ~[httpclient-4.5.14.jar!/:4.5.14]
	at org.telegram.telegrambots.updatesreceivers.DefaultBotSession$ReaderThread.getUpdatesFromServer(DefaultBotSession.java:249) ~[telegrambots-6.9.7.1.jar!/:na]
	at org.telegram.telegrambots.updatesreceivers.DefaultBotSession$ReaderThread.run(DefaultBotSession.java:188) ~[telegrambots-6.9.7.1.jar!/:na]

